03:13:53.245 INFO  manager.ApplicationManager - All tests start in 'Chrome' browser
03:13:54.792 INFO  tests.TestBase - Name of test --->searchPeriodAnyData
03:13:54.798 INFO  manager.MyListener - Start find element --->By.id: city
03:13:54.846 INFO  manager.MyListener - The element with locator --->By.id: city--->was found
03:13:55.100 INFO  manager.MyListener - Start find element --->By.cssSelector: .pac-item
03:13:55.389 INFO  manager.MyListener - The element with locator --->By.cssSelector: .pac-item--->was found
03:13:55.994 INFO  manager.MyListener - Start find element --->By.id: dates
03:13:56.043 INFO  manager.MyListener - The element with locator --->By.id: dates--->was found
03:13:56.187 INFO  manager.MyListener - Start find element --->By.xpath: //*[@aria-label='Next month']
03:13:56.207 INFO  manager.MyListener - The element with locator --->By.xpath: //*[@aria-label='Next month']--->was found
03:13:56.284 INFO  manager.MyListener - Start find element --->By.xpath: //div[text()=' 30 ']
03:13:56.320 INFO  manager.MyListener - The element with locator --->By.xpath: //div[text()=' 30 ']--->was found
03:13:56.398 INFO  manager.MyListener - Start find element --->By.xpath: //*[@aria-label='Next month']
03:13:56.417 INFO  manager.MyListener - The element with locator --->By.xpath: //*[@aria-label='Next month']--->was found
03:13:56.499 INFO  manager.MyListener - Start find element --->By.xpath: //*[@aria-label='Next month']
03:13:56.526 INFO  manager.MyListener - The element with locator --->By.xpath: //*[@aria-label='Next month']--->was found
03:13:56.606 INFO  manager.MyListener - Start find element --->By.xpath: //*[@aria-label='Next month']
03:13:56.635 INFO  manager.MyListener - The element with locator --->By.xpath: //*[@aria-label='Next month']--->was found
03:13:56.710 INFO  manager.MyListener - Start find element --->By.xpath: //div[text()=' 25 ']
03:13:56.732 INFO  manager.MyListener - The element with locator --->By.xpath: //div[text()=' 25 ']--->was found
03:14:03.831 INFO  manager.MyListener - Start find element --->By.cssSelector: [type='submit']
03:14:03.878 INFO  manager.MyListener - The element with locator --->By.cssSelector: [type='submit']--->was found
03:14:03.996 INFO  manager.MyListener - Start find element --->By.cssSelector: .search-results
03:14:04.023 INFO  manager.MyListener - The element with locator --->By.cssSelector: .search-results--->was found
03:14:09.040 INFO  manager.MyListener - Start find element --->By.cssSelector: [href='/search']
03:14:09.076 INFO  manager.MyListener - The element with locator --->By.cssSelector: [href='/search']--->was found
03:14:09.186 INFO  tests.TestBase - Name of test --->searchPeriodCurrentFromTodayForWeek
03:14:09.192 INFO  manager.MyListener - Start find element --->By.id: city
03:14:09.225 INFO  manager.MyListener - The element with locator --->By.id: city--->was found
03:14:09.534 INFO  manager.MyListener - Start find element --->By.cssSelector: .pac-item
03:14:09.563 INFO  manager.MyListener - The element with locator --->By.cssSelector: .pac-item--->was found
03:14:10.149 INFO  manager.MyListener - Start find element --->By.id: dates
03:14:10.180 INFO  manager.MyListener - The element with locator --->By.id: dates--->was found
03:14:10.276 INFO  manager.MyListener - Start find element --->By.xpath: //div[text()=' 10 ']
03:14:10.312 INFO  manager.MyListener - The element with locator --->By.xpath: //div[text()=' 10 ']--->was found
03:14:11.413 INFO  manager.MyListener - Start find element --->By.xpath: //div[text()=' 17 ']
03:14:11.453 INFO  manager.MyListener - The element with locator --->By.xpath: //div[text()=' 17 ']--->was found
03:14:16.553 INFO  manager.MyListener - Start find element --->By.cssSelector: [type='submit']
03:14:16.584 INFO  manager.MyListener - The element with locator --->By.cssSelector: [type='submit']--->was found
03:14:16.724 INFO  manager.MyListener - Start find element --->By.cssSelector: .search-results
03:14:16.753 INFO  manager.MyListener - The element with locator --->By.cssSelector: .search-results--->was found
03:14:21.760 INFO  manager.MyListener - Start find element --->By.cssSelector: [href='/search']
03:14:21.799 INFO  manager.MyListener - The element with locator --->By.cssSelector: [href='/search']--->was found
03:14:21.908 INFO  tests.TestBase - Name of test --->searchPeriodCurrentMonth
03:14:21.909 INFO  manager.MyListener - Start find element --->By.id: city
03:14:21.935 INFO  manager.MyListener - The element with locator --->By.id: city--->was found
03:14:22.190 INFO  manager.MyListener - Start find element --->By.cssSelector: .pac-item
03:14:22.233 INFO  manager.MyListener - The element with locator --->By.cssSelector: .pac-item--->was found
03:14:27.303 INFO  manager.MyListener - We have a throwable --->element not interactable
  (Session info: chrome=97.0.4692.71)
Build info: version: '3.141.59', revision: 'e82be7d358', time: '2018-11-14T08:17:03'
System info: host: 'LAPTOP-KM2BH8Q8', ip: '10.0.0.10', os.name: 'Windows 10', os.arch: 'amd64', os.version: '10.0', java.version: '11.0.13'
Driver info: org.openqa.selenium.chrome.ChromeDriver
Capabilities {acceptInsecureCerts: false, browserName: chrome, browserVersion: 97.0.4692.71, chrome: {chromedriverVersion: 96.0.4664.45 (76e4c1bb2ab46..., userDataDir: C:\Users\bunal\AppData\Loca...}, goog:chromeOptions: {debuggerAddress: localhost:54635}, javascriptEnabled: true, networkConnectionEnabled: false, pageLoadStrategy: normal, platform: WINDOWS, platformName: WINDOWS, proxy: Proxy(), setWindowRect: true, strictFileInteractability: false, timeouts: {implicit: 0, pageLoad: 300000, script: 30000}, unhandledPromptBehavior: dismiss and notify, webauthn:extension:credBlob: true, webauthn:extension:largeBlob: true, webauthn:virtualAuthenticators: true}
Session ID: be6ba2db865dfa4b1516e40349e64a74
03:14:27.305 INFO  manager.MyListener - org.openqa.selenium.ElementNotInteractableException: element not interactable
  (Session info: chrome=97.0.4692.71)
Build info: version: '3.141.59', revision: 'e82be7d358', time: '2018-11-14T08:17:03'
System info: host: 'LAPTOP-KM2BH8Q8', ip: '10.0.0.10', os.name: 'Windows 10', os.arch: 'amd64', os.version: '10.0', java.version: '11.0.13'
Driver info: org.openqa.selenium.chrome.ChromeDriver
Capabilities {acceptInsecureCerts: false, browserName: chrome, browserVersion: 97.0.4692.71, chrome: {chromedriverVersion: 96.0.4664.45 (76e4c1bb2ab46..., userDataDir: C:\Users\bunal\AppData\Loca...}, goog:chromeOptions: {debuggerAddress: localhost:54635}, javascriptEnabled: true, networkConnectionEnabled: false, pageLoadStrategy: normal, platform: WINDOWS, platformName: WINDOWS, proxy: Proxy(), setWindowRect: true, strictFileInteractability: false, timeouts: {implicit: 0, pageLoad: 300000, script: 30000}, unhandledPromptBehavior: dismiss and notify, webauthn:extension:credBlob: true, webauthn:extension:largeBlob: true, webauthn:virtualAuthenticators: true}
Session ID: be6ba2db865dfa4b1516e40349e64a74
03:14:27.307 INFO  manager.MyListener - This is link of your screen -->src/test/screenshots/screen867.png
03:14:33.235 INFO  manager.MyListener - Start find element --->By.cssSelector: [href='/search']
03:14:33.267 INFO  manager.MyListener - The element with locator --->By.cssSelector: [href='/search']--->was found
03:14:33.353 INFO  tests.TestBase - Name of test --->typePeriodInPast
03:14:33.355 INFO  manager.MyListener - Start find element --->By.id: city
03:14:33.374 INFO  manager.MyListener - The element with locator --->By.id: city--->was found
03:14:33.592 INFO  manager.MyListener - Start find element --->By.cssSelector: .pac-item
03:14:33.621 INFO  manager.MyListener - The element with locator --->By.cssSelector: .pac-item--->was found
03:14:38.657 INFO  manager.MyListener - We have a throwable --->element not interactable
  (Session info: chrome=97.0.4692.71)
Build info: version: '3.141.59', revision: 'e82be7d358', time: '2018-11-14T08:17:03'
System info: host: 'LAPTOP-KM2BH8Q8', ip: '10.0.0.10', os.name: 'Windows 10', os.arch: 'amd64', os.version: '10.0', java.version: '11.0.13'
Driver info: org.openqa.selenium.chrome.ChromeDriver
Capabilities {acceptInsecureCerts: false, browserName: chrome, browserVersion: 97.0.4692.71, chrome: {chromedriverVersion: 96.0.4664.45 (76e4c1bb2ab46..., userDataDir: C:\Users\bunal\AppData\Loca...}, goog:chromeOptions: {debuggerAddress: localhost:54635}, javascriptEnabled: true, networkConnectionEnabled: false, pageLoadStrategy: normal, platform: WINDOWS, platformName: WINDOWS, proxy: Proxy(), setWindowRect: true, strictFileInteractability: false, timeouts: {implicit: 0, pageLoad: 300000, script: 30000}, unhandledPromptBehavior: dismiss and notify, webauthn:extension:credBlob: true, webauthn:extension:largeBlob: true, webauthn:virtualAuthenticators: true}
Session ID: be6ba2db865dfa4b1516e40349e64a74
03:14:38.658 INFO  manager.MyListener - org.openqa.selenium.ElementNotInteractableException: element not interactable
  (Session info: chrome=97.0.4692.71)
Build info: version: '3.141.59', revision: 'e82be7d358', time: '2018-11-14T08:17:03'
System info: host: 'LAPTOP-KM2BH8Q8', ip: '10.0.0.10', os.name: 'Windows 10', os.arch: 'amd64', os.version: '10.0', java.version: '11.0.13'
Driver info: org.openqa.selenium.chrome.ChromeDriver
Capabilities {acceptInsecureCerts: false, browserName: chrome, browserVersion: 97.0.4692.71, chrome: {chromedriverVersion: 96.0.4664.45 (76e4c1bb2ab46..., userDataDir: C:\Users\bunal\AppData\Loca...}, goog:chromeOptions: {debuggerAddress: localhost:54635}, javascriptEnabled: true, networkConnectionEnabled: false, pageLoadStrategy: normal, platform: WINDOWS, platformName: WINDOWS, proxy: Proxy(), setWindowRect: true, strictFileInteractability: false, timeouts: {implicit: 0, pageLoad: 300000, script: 30000}, unhandledPromptBehavior: dismiss and notify, webauthn:extension:credBlob: true, webauthn:extension:largeBlob: true, webauthn:virtualAuthenticators: true}
Session ID: be6ba2db865dfa4b1516e40349e64a74
03:14:38.659 INFO  manager.MyListener - This is link of your screen -->src/test/screenshots/screen878.png
03:14:44.697 INFO  manager.MyListener - Start find element --->By.cssSelector: [href='/search']
03:14:44.724 INFO  manager.MyListener - The element with locator --->By.cssSelector: [href='/search']--->was found
