23:14:56.209 INFO  manager.ApplicationManager - All tests start in 'Chrome' browser
23:14:57.637 INFO  tests.TestBase - Name of test --->addNewCarSuccess
23:15:02.646 INFO  manager.MyListener - Start find element --->By.xpath: //*[text()=' Logout ']
23:15:07.704 INFO  manager.MyListener - The element with locator --->By.xpath: //*[text()=' Logout ']--->was found
23:15:07.707 INFO  manager.MyListener - Start find element --->By.xpath: //a[text()=' Log in ']
23:15:07.749 INFO  manager.MyListener - The element with locator --->By.xpath: //a[text()=' Log in ']--->was found
23:15:07.851 INFO  manager.MyListener - Start find element --->By.id: email
23:15:07.871 INFO  manager.MyListener - The element with locator --->By.id: email--->was found
23:15:08.068 INFO  manager.MyListener - Start find element --->By.id: password
23:15:08.087 INFO  manager.MyListener - The element with locator --->By.id: password--->was found
23:15:08.250 INFO  manager.MyListener - Start find element --->By.cssSelector: [type='submit']
23:15:08.276 INFO  manager.MyListener - The element with locator --->By.cssSelector: [type='submit']--->was found
23:15:13.357 INFO  manager.MyListener - Start find element --->By.xpath: //div[@class='dialog-container']
23:15:13.389 INFO  manager.MyListener - The element with locator --->By.xpath: //div[@class='dialog-container']--->was found
23:15:13.390 INFO  manager.MyListener - Start find element --->By.xpath: //*[text()='Ok']
23:15:13.433 INFO  manager.MyListener - The element with locator --->By.xpath: //*[text()='Ok']--->was found
23:15:13.550 INFO  tests.TestBase - Car was added for userUser{name='null', lastName='null', email='tvistermister220@gmail.com', password='Jj12345$'}
23:15:13.659 INFO  tests.TestBase - Car was addedCar(address=Tel Aviv, Israel, make=BMW, model=M5, year=2020, engine=2.5, fuel=Petrol, gear=MT, wD=AWD, doors=5, seats=4, clasS=C, fuelConsumption=6.5, carRegNumber=102-33-913, price=65, distanceIncluded=500, features=type of, about=Very good car)
23:15:18.661 INFO  manager.MyListener - Start find element --->By.cssSelector: [href='/let-car-work']
23:15:18.698 INFO  manager.MyListener - The element with locator --->By.cssSelector: [href='/let-car-work']--->was found
23:15:18.845 INFO  manager.MyListener - Start find element --->By.id: pickUpPlace
23:15:18.886 INFO  manager.MyListener - The element with locator --->By.id: pickUpPlace--->was found
23:15:19.161 INFO  manager.MyListener - Start find element --->By.id: pickUpPlace
23:15:19.190 INFO  manager.MyListener - The element with locator --->By.id: pickUpPlace--->was found
23:15:19.646 INFO  manager.MyListener - Start find element --->By.id: make
23:15:19.679 INFO  manager.MyListener - The element with locator --->By.id: make--->was found
23:15:19.919 INFO  manager.MyListener - Start find element --->By.id: model
23:15:19.943 INFO  manager.MyListener - The element with locator --->By.id: model--->was found
23:15:20.165 INFO  manager.MyListener - Start find element --->By.id: year
23:15:20.191 INFO  manager.MyListener - The element with locator --->By.id: year--->was found
23:15:20.462 INFO  manager.MyListener - Start find element --->By.id: engine
23:15:20.491 INFO  manager.MyListener - The element with locator --->By.id: engine--->was found
23:15:20.731 INFO  manager.MyListener - Start find element --->By.id: fuel
23:15:20.771 INFO  manager.MyListener - The element with locator --->By.id: fuel--->was found
23:15:20.848 INFO  manager.MyListener - Start find element --->By.xpath: .//option[@value = "Petrol"]
23:15:20.882 INFO  manager.MyListener - The element with locator --->By.xpath: .//option[@value = "Petrol"]--->was found
23:15:20.958 INFO  manager.MyListener - Start find element --->By.id: gear
23:15:20.985 INFO  manager.MyListener - The element with locator --->By.id: gear--->was found
23:15:21.027 INFO  manager.MyListener - Start find element --->By.xpath: .//option[@value = "MT"]
23:15:21.064 INFO  manager.MyListener - The element with locator --->By.xpath: .//option[@value = "MT"]--->was found
23:15:21.131 INFO  manager.MyListener - Start find element --->By.id: wheelsDrive
23:15:21.156 INFO  manager.MyListener - The element with locator --->By.id: wheelsDrive--->was found
23:15:21.196 INFO  manager.MyListener - Start find element --->By.xpath: .//option[@value = "AWD"]
23:15:21.241 INFO  manager.MyListener - The element with locator --->By.xpath: .//option[@value = "AWD"]--->was found
23:15:21.325 INFO  manager.MyListener - Start find element --->By.id: doors
23:15:21.356 INFO  manager.MyListener - The element with locator --->By.id: doors--->was found
23:15:21.626 INFO  manager.MyListener - Start find element --->By.id: seats
23:15:21.656 INFO  manager.MyListener - The element with locator --->By.id: seats--->was found
23:15:21.913 INFO  manager.MyListener - Start find element --->By.id: class
23:15:21.947 INFO  manager.MyListener - The element with locator --->By.id: class--->was found
23:15:22.182 INFO  manager.MyListener - Start find element --->By.id: fuelConsumption
23:15:22.214 INFO  manager.MyListener - The element with locator --->By.id: fuelConsumption--->was found
23:15:22.494 INFO  manager.MyListener - Start find element --->By.id: serialNumber
23:15:22.524 INFO  manager.MyListener - The element with locator --->By.id: serialNumber--->was found
23:15:22.728 INFO  manager.MyListener - Start find element --->By.id: price
23:15:22.777 INFO  manager.MyListener - The element with locator --->By.id: price--->was found
23:15:23.030 INFO  manager.MyListener - Start find element --->By.id: distance
23:15:23.067 INFO  manager.MyListener - The element with locator --->By.id: distance--->was found
23:15:23.306 INFO  manager.MyListener - Start find element --->By.cssSelector: .feature-input
23:15:23.347 INFO  manager.MyListener - The element with locator --->By.cssSelector: .feature-input--->was found
23:15:23.555 INFO  manager.MyListener - Start find element --->By.id: about
23:15:23.591 INFO  manager.MyListener - The element with locator --->By.id: about--->was found
23:15:23.797 INFO  manager.MyListener - Start find element --->By.id: photos
23:15:23.828 INFO  manager.MyListener - The element with locator --->By.id: photos--->was found
23:15:23.920 INFO  manager.MyListener - Start find element --->By.xpath: //button[text()='Submit']
23:15:23.951 INFO  manager.MyListener - The element with locator --->By.xpath: //button[text()='Submit']--->was found
23:15:25.736 INFO  manager.MyListener - Start find element --->By.xpath: //button[text()='Submit']
23:15:25.762 INFO  manager.MyListener - The element with locator --->By.xpath: //button[text()='Submit']--->was found
23:15:25.859 INFO  manager.MyListener - Start find element --->By.cssSelector: div.dialog-container
23:15:27.030 INFO  manager.MyListener - The element with locator --->By.cssSelector: div.dialog-container--->was found
23:15:27.080 INFO  manager.MyListener - Start find element --->By.cssSelector: div.dialog-container h1
23:15:27.120 INFO  manager.MyListener - The element with locator --->By.cssSelector: div.dialog-container h1--->was found
23:15:27.162 INFO  manager.MyListener - Start find element --->By.xpath: //button[text()='Search cars']
23:15:27.203 INFO  manager.MyListener - The element with locator --->By.xpath: //button[text()='Search cars']--->was found
23:15:27.293 INFO  manager.MyListener - Start find element --->By.xpath: //*[text()=' Logout ']
23:15:27.324 INFO  manager.MyListener - The element with locator --->By.xpath: //*[text()=' Logout ']--->was found
23:15:27.516 INFO  tests.TestBase - Name of test --->addNewCarSuccess2
23:15:32.525 INFO  manager.MyListener - Start find element --->By.xpath: //*[text()=' Logout ']
23:15:37.584 INFO  manager.MyListener - The element with locator --->By.xpath: //*[text()=' Logout ']--->was found
23:15:37.585 INFO  manager.MyListener - Start find element --->By.xpath: //a[text()=' Log in ']
23:15:37.625 INFO  manager.MyListener - The element with locator --->By.xpath: //a[text()=' Log in ']--->was found
23:15:37.728 INFO  manager.MyListener - Start find element --->By.id: email
23:15:37.765 INFO  manager.MyListener - The element with locator --->By.id: email--->was found
23:15:38.026 INFO  manager.MyListener - Start find element --->By.id: password
23:15:38.073 INFO  manager.MyListener - The element with locator --->By.id: password--->was found
23:15:38.310 INFO  manager.MyListener - Start find element --->By.cssSelector: [type='submit']
23:15:38.338 INFO  manager.MyListener - The element with locator --->By.cssSelector: [type='submit']--->was found
23:15:43.398 INFO  manager.MyListener - Start find element --->By.xpath: //div[@class='dialog-container']
23:15:43.434 INFO  manager.MyListener - The element with locator --->By.xpath: //div[@class='dialog-container']--->was found
23:15:43.434 INFO  manager.MyListener - Start find element --->By.xpath: //*[text()='Ok']
23:15:43.466 INFO  manager.MyListener - The element with locator --->By.xpath: //*[text()='Ok']--->was found
23:15:43.534 INFO  tests.TestBase - Car was added for userUser{name='null', lastName='null', email='tvistermister220@gmail.com', password='Jj12345$'}
23:15:43.537 INFO  tests.TestBase - Car was addedCar(address=Tel Aviv, Israel, make=BMW, model=M5, year=2020, engine=2.5, fuel=Petrol, gear=MT, wD=AWD, doors=5, seats=4, clasS=C, fuelConsumption=6.5, carRegNumber=102-33-943, price=65, distanceIncluded=500, features=type of, about=Very good car)
23:15:48.544 INFO  manager.MyListener - Start find element --->By.cssSelector: [href='/let-car-work']
23:15:48.578 INFO  manager.MyListener - The element with locator --->By.cssSelector: [href='/let-car-work']--->was found
23:15:48.651 INFO  manager.MyListener - Start find element --->By.id: pickUpPlace
23:15:48.687 INFO  manager.MyListener - The element with locator --->By.id: pickUpPlace--->was found
23:15:48.950 INFO  manager.MyListener - Start find element --->By.id: pickUpPlace
23:15:48.977 INFO  manager.MyListener - The element with locator --->By.id: pickUpPlace--->was found
23:15:49.386 INFO  manager.MyListener - Start find element --->By.id: make
23:15:49.420 INFO  manager.MyListener - The element with locator --->By.id: make--->was found
23:15:49.642 INFO  manager.MyListener - Start find element --->By.id: model
23:15:49.670 INFO  manager.MyListener - The element with locator --->By.id: model--->was found
23:15:49.873 INFO  manager.MyListener - Start find element --->By.id: year
23:15:49.907 INFO  manager.MyListener - The element with locator --->By.id: year--->was found
23:15:50.155 INFO  manager.MyListener - Start find element --->By.id: engine
23:15:50.186 INFO  manager.MyListener - The element with locator --->By.id: engine--->was found
23:15:50.413 INFO  manager.MyListener - Start find element --->By.id: fuel
23:15:50.445 INFO  manager.MyListener - The element with locator --->By.id: fuel--->was found
23:15:50.484 INFO  manager.MyListener - Start find element --->By.xpath: .//option[@value = "Petrol"]
23:15:50.526 INFO  manager.MyListener - The element with locator --->By.xpath: .//option[@value = "Petrol"]--->was found
23:15:50.589 INFO  manager.MyListener - Start find element --->By.id: gear
23:15:50.610 INFO  manager.MyListener - The element with locator --->By.id: gear--->was found
23:15:50.636 INFO  manager.MyListener - Start find element --->By.xpath: .//option[@value = "MT"]
23:15:50.662 INFO  manager.MyListener - The element with locator --->By.xpath: .//option[@value = "MT"]--->was found
23:15:50.734 INFO  manager.MyListener - Start find element --->By.id: wheelsDrive
23:15:50.773 INFO  manager.MyListener - The element with locator --->By.id: wheelsDrive--->was found
23:15:50.809 INFO  manager.MyListener - Start find element --->By.xpath: .//option[@value = "AWD"]
23:15:50.836 INFO  manager.MyListener - The element with locator --->By.xpath: .//option[@value = "AWD"]--->was found
23:15:50.920 INFO  manager.MyListener - Start find element --->By.id: doors
23:15:50.955 INFO  manager.MyListener - The element with locator --->By.id: doors--->was found
23:15:51.205 INFO  manager.MyListener - Start find element --->By.id: seats
23:15:51.239 INFO  manager.MyListener - The element with locator --->By.id: seats--->was found
23:15:51.466 INFO  manager.MyListener - Start find element --->By.id: class
23:15:51.505 INFO  manager.MyListener - The element with locator --->By.id: class--->was found
23:15:51.720 INFO  manager.MyListener - Start find element --->By.id: fuelConsumption
23:15:51.757 INFO  manager.MyListener - The element with locator --->By.id: fuelConsumption--->was found
23:15:52.022 INFO  manager.MyListener - Start find element --->By.id: serialNumber
23:15:52.053 INFO  manager.MyListener - The element with locator --->By.id: serialNumber--->was found
23:15:52.282 INFO  manager.MyListener - Start find element --->By.id: price
23:15:52.317 INFO  manager.MyListener - The element with locator --->By.id: price--->was found
23:15:52.566 INFO  manager.MyListener - Start find element --->By.id: distance
23:15:52.593 INFO  manager.MyListener - The element with locator --->By.id: distance--->was found
23:15:52.839 INFO  manager.MyListener - Start find element --->By.cssSelector: .feature-input
23:15:52.877 INFO  manager.MyListener - The element with locator --->By.cssSelector: .feature-input--->was found
23:15:53.078 INFO  manager.MyListener - Start find element --->By.id: about
23:15:53.107 INFO  manager.MyListener - The element with locator --->By.id: about--->was found
23:15:53.309 INFO  manager.MyListener - Start find element --->By.id: photos
23:15:53.341 INFO  manager.MyListener - The element with locator --->By.id: photos--->was found
23:15:53.417 INFO  manager.MyListener - Start find element --->By.xpath: //button[text()='Submit']
23:15:53.451 INFO  manager.MyListener - The element with locator --->By.xpath: //button[text()='Submit']--->was found
23:15:54.642 INFO  manager.MyListener - Start find element --->By.xpath: //button[text()='Submit']
23:15:54.671 INFO  manager.MyListener - The element with locator --->By.xpath: //button[text()='Submit']--->was found
23:15:54.756 INFO  manager.MyListener - Start find element --->By.cssSelector: div.dialog-container
23:15:55.847 INFO  manager.MyListener - The element with locator --->By.cssSelector: div.dialog-container--->was found
23:15:55.889 INFO  manager.MyListener - Start find element --->By.cssSelector: div.dialog-container h1
23:15:55.921 INFO  manager.MyListener - The element with locator --->By.cssSelector: div.dialog-container h1--->was found
23:15:55.951 INFO  manager.MyListener - Start find element --->By.xpath: //button[text()='Search cars']
23:15:55.986 INFO  manager.MyListener - The element with locator --->By.xpath: //button[text()='Search cars']--->was found
23:15:56.081 INFO  manager.MyListener - Start find element --->By.xpath: //*[text()=' Logout ']
23:15:56.121 INFO  manager.MyListener - The element with locator --->By.xpath: //*[text()=' Logout ']--->was found
23:15:56.294 INFO  tests.TestBase - Name of test --->loginSuccess
23:16:01.309 INFO  manager.MyListener - Start find element --->By.xpath: //*[text()=' Logout ']
23:16:06.334 INFO  manager.MyListener - The element with locator --->By.xpath: //*[text()=' Logout ']--->was found
23:16:06.335 INFO  tests.TestBase - The test starts with email lenastep@gmail.com, password: 12345nnnN
23:16:06.335 INFO  manager.MyListener - Start find element --->By.xpath: //a[text()=' Log in ']
23:16:06.361 INFO  manager.MyListener - The element with locator --->By.xpath: //a[text()=' Log in ']--->was found
23:16:06.457 INFO  manager.MyListener - Start find element --->By.id: email
23:16:06.485 INFO  manager.MyListener - The element with locator --->By.id: email--->was found
23:16:06.741 INFO  manager.MyListener - Start find element --->By.id: password
23:16:06.767 INFO  manager.MyListener - The element with locator --->By.id: password--->was found
23:16:07.001 INFO  manager.MyListener - Start find element --->By.cssSelector: [type='submit']
23:16:07.033 INFO  manager.MyListener - The element with locator --->By.cssSelector: [type='submit']--->was found
23:16:07.120 INFO  manager.MyListener - Start find element --->By.xpath: //div[@class='dialog-container']
23:16:07.473 INFO  manager.MyListener - The element with locator --->By.xpath: //div[@class='dialog-container']--->was found
23:16:07.474 INFO  manager.MyListener - Start find element --->By.xpath: //*[text()='Ok']
23:16:07.500 INFO  manager.MyListener - The element with locator --->By.xpath: //*[text()='Ok']--->was found
23:16:07.577 INFO  tests.TestBase - Name of test --->loginSuccessModel
23:16:12.584 INFO  manager.MyListener - Start find element --->By.xpath: //*[text()=' Logout ']
23:16:12.613 INFO  manager.MyListener - The element with locator --->By.xpath: //*[text()=' Logout ']--->was found
23:16:12.615 INFO  manager.MyListener - Start find element --->By.xpath: //*[text()=' Logout ']
23:16:12.645 INFO  manager.MyListener - The element with locator --->By.xpath: //*[text()=' Logout ']--->was found
23:16:12.753 INFO  tests.TestBase - The tests start with data: User{name='null', lastName='null', email='lenastep@gmail.com', password='12345nnnN'}
23:16:12.753 INFO  manager.MyListener - Start find element --->By.xpath: //a[text()=' Log in ']
23:16:12.783 INFO  manager.MyListener - The element with locator --->By.xpath: //a[text()=' Log in ']--->was found
23:16:12.865 INFO  manager.MyListener - Start find element --->By.id: email
23:16:12.895 INFO  manager.MyListener - The element with locator --->By.id: email--->was found
23:16:13.180 INFO  manager.MyListener - Start find element --->By.id: password
23:16:13.199 INFO  manager.MyListener - The element with locator --->By.id: password--->was found
23:16:13.403 INFO  manager.MyListener - Start find element --->By.cssSelector: [type='submit']
23:16:13.424 INFO  manager.MyListener - The element with locator --->By.cssSelector: [type='submit']--->was found
23:16:14.503 INFO  manager.MyListener - Start find element --->By.xpath: //div[@class='dialog-container']
23:16:14.530 INFO  manager.MyListener - The element with locator --->By.xpath: //div[@class='dialog-container']--->was found
23:16:14.531 INFO  manager.MyListener - Start find element --->By.xpath: //*[text()='Ok']
23:16:14.560 INFO  manager.MyListener - The element with locator --->By.xpath: //*[text()='Ok']--->was found
23:16:14.646 INFO  tests.TestBase - Name of test --->registrationSuccess
23:16:19.663 INFO  manager.MyListener - Start find element --->By.xpath: //*[text()=' Logout ']
23:16:19.697 INFO  manager.MyListener - The element with locator --->By.xpath: //*[text()=' Logout ']--->was found
23:16:19.698 INFO  manager.MyListener - Start find element --->By.xpath: //*[text()=' Logout ']
23:16:19.722 INFO  manager.MyListener - The element with locator --->By.xpath: //*[text()=' Logout ']--->was found
23:16:19.823 INFO  manager.MyListener - Start find element --->By.xpath: //a[text()=' Sign up ']
23:16:19.856 INFO  manager.MyListener - The element with locator --->By.xpath: //a[text()=' Sign up ']--->was found
23:16:19.955 INFO  manager.MyListener - Start find element --->By.tagName: form
23:16:19.974 INFO  manager.MyListener - The element with locator --->By.tagName: form--->was found
23:16:20.006 INFO  manager.MyListener - Start find element --->By.id: name
23:16:20.039 INFO  manager.MyListener - The element with locator --->By.id: name--->was found
23:16:20.260 INFO  manager.MyListener - Start find element --->By.cssSelector: #lastName
23:16:20.288 INFO  manager.MyListener - The element with locator --->By.cssSelector: #lastName--->was found
23:16:20.505 INFO  manager.MyListener - Start find element --->By.id: email
23:16:20.526 INFO  manager.MyListener - The element with locator --->By.id: email--->was found
23:16:20.816 INFO  manager.MyListener - Start find element --->By.cssSelector: #password
23:16:20.835 INFO  manager.MyListener - The element with locator --->By.cssSelector: #password--->was found
23:16:21.034 INFO  manager.MyListener - Start find element --->By.cssSelector: label[for='terms-of-use']
23:16:21.060 INFO  manager.MyListener - The element with locator --->By.cssSelector: label[for='terms-of-use']--->was found
23:16:21.469 INFO  manager.MyListener - Start find element --->By.cssSelector: [type='submit']
23:16:21.498 INFO  manager.MyListener - The element with locator --->By.cssSelector: [type='submit']--->was found
23:16:26.586 INFO  manager.MyListener - Start find element --->By.cssSelector: .dialog-container
23:16:26.617 INFO  manager.MyListener - The element with locator --->By.cssSelector: .dialog-container--->was found
23:16:26.653 INFO  manager.MyListener - Start find element --->By.cssSelector: h2.message
23:16:26.683 INFO  manager.MyListener - The element with locator --->By.cssSelector: h2.message--->was found
23:16:26.711 INFO  manager.MyListener - Start find element --->By.xpath: //div[@class='dialog-container']
23:16:26.738 INFO  manager.MyListener - The element with locator --->By.xpath: //div[@class='dialog-container']--->was found
23:16:26.738 INFO  manager.MyListener - Start find element --->By.xpath: //*[text()='Ok']
23:16:26.770 INFO  manager.MyListener - The element with locator --->By.xpath: //*[text()='Ok']--->was found
23:16:26.852 INFO  tests.TestBase - Name of test --->registrationSuccessModel
23:16:31.857 INFO  manager.MyListener - Start find element --->By.xpath: //*[text()=' Logout ']
23:16:31.897 INFO  manager.MyListener - The element with locator --->By.xpath: //*[text()=' Logout ']--->was found
23:16:31.897 INFO  manager.MyListener - Start find element --->By.xpath: //*[text()=' Logout ']
23:16:31.923 INFO  manager.MyListener - The element with locator --->By.xpath: //*[text()=' Logout ']--->was found
23:16:32.039 INFO  manager.MyListener - Start find element --->By.xpath: //a[text()=' Sign up ']
23:16:32.071 INFO  manager.MyListener - The element with locator --->By.xpath: //a[text()=' Sign up ']--->was found
23:16:32.146 INFO  manager.MyListener - Start find element --->By.tagName: form
23:16:32.162 INFO  manager.MyListener - The element with locator --->By.tagName: form--->was found
23:16:32.202 INFO  manager.MyListener - Start find element --->By.id: name
23:16:32.225 INFO  manager.MyListener - The element with locator --->By.id: name--->was found
23:16:32.419 INFO  manager.MyListener - Start find element --->By.cssSelector: #lastName
23:16:32.448 INFO  manager.MyListener - The element with locator --->By.cssSelector: #lastName--->was found
23:16:32.640 INFO  manager.MyListener - Start find element --->By.id: email
23:16:32.661 INFO  manager.MyListener - The element with locator --->By.id: email--->was found
23:16:32.892 INFO  manager.MyListener - Start find element --->By.cssSelector: #password
23:16:32.925 INFO  manager.MyListener - The element with locator --->By.cssSelector: #password--->was found
23:16:33.237 INFO  manager.MyListener - Start find element --->By.id: terms-of-use
23:16:33.273 INFO  manager.MyListener - The element with locator --->By.id: terms-of-use--->was found
23:16:33.295 INFO  manager.MyListener - Start find element --->By.cssSelector: label[for='terms-of-use']
23:16:33.334 INFO  manager.MyListener - The element with locator --->By.cssSelector: label[for='terms-of-use']--->was found
23:16:33.397 INFO  manager.MyListener - Start find element --->By.cssSelector: [type='submit']
23:16:33.414 INFO  manager.MyListener - The element with locator --->By.cssSelector: [type='submit']--->was found
23:16:33.492 INFO  manager.MyListener - Start find element --->By.cssSelector: .dialog-container
23:16:38.240 INFO  manager.MyListener - The element with locator --->By.cssSelector: .dialog-container--->was found
23:16:38.289 INFO  manager.MyListener - Start find element --->By.cssSelector: h2.message
23:16:38.314 INFO  manager.MyListener - The element with locator --->By.cssSelector: h2.message--->was found
23:16:38.346 INFO  manager.MyListener - Start find element --->By.xpath: //div[@class='dialog-container']
23:16:38.377 INFO  manager.MyListener - The element with locator --->By.xpath: //div[@class='dialog-container']--->was found
23:16:38.378 INFO  manager.MyListener - Start find element --->By.xpath: //*[text()='Ok']
23:16:38.411 INFO  manager.MyListener - The element with locator --->By.xpath: //*[text()='Ok']--->was found
23:16:38.481 INFO  tests.TestBase - Name of test --->searchPeriodAnyData
23:16:38.482 INFO  manager.MyListener - Start find element --->By.id: city
23:16:38.606 INFO  manager.MyListener - The element with locator --->By.id: city--->was found
23:16:38.846 INFO  manager.MyListener - Start find element --->By.cssSelector: .pac-item
23:16:43.949 INFO  manager.MyListener - We have a throwable --->no such element: Unable to locate element: {"method":"css selector","selector":".pac-item"}
  (Session info: chrome=97.0.4692.71)
For documentation on this error, please visit: https://www.seleniumhq.org/exceptions/no_such_element.html
Build info: version: '3.141.59', revision: 'e82be7d358', time: '2018-11-14T08:17:03'
System info: host: 'LAPTOP-KM2BH8Q8', ip: '10.0.0.10', os.name: 'Windows 10', os.arch: 'amd64', os.version: '10.0', java.version: '11.0.13'
Driver info: org.openqa.selenium.chrome.ChromeDriver
Capabilities {acceptInsecureCerts: false, browserName: chrome, browserVersion: 97.0.4692.71, chrome: {chromedriverVersion: 96.0.4664.45 (76e4c1bb2ab46..., userDataDir: C:\Users\bunal\AppData\Loca...}, goog:chromeOptions: {debuggerAddress: localhost:58088}, javascriptEnabled: true, networkConnectionEnabled: false, pageLoadStrategy: normal, platform: WINDOWS, platformName: WINDOWS, proxy: Proxy(), setWindowRect: true, strictFileInteractability: false, timeouts: {implicit: 0, pageLoad: 300000, script: 30000}, unhandledPromptBehavior: dismiss and notify, webauthn:extension:credBlob: true, webauthn:extension:largeBlob: true, webauthn:virtualAuthenticators: true}
Session ID: 06de772066070830bb8a787ad8bc95c3
*** Element info: {Using=css selector, value=.pac-item}
23:16:43.950 INFO  manager.MyListener - org.openqa.selenium.NoSuchElementException: no such element: Unable to locate element: {"method":"css selector","selector":".pac-item"}
  (Session info: chrome=97.0.4692.71)
For documentation on this error, please visit: https://www.seleniumhq.org/exceptions/no_such_element.html
Build info: version: '3.141.59', revision: 'e82be7d358', time: '2018-11-14T08:17:03'
System info: host: 'LAPTOP-KM2BH8Q8', ip: '10.0.0.10', os.name: 'Windows 10', os.arch: 'amd64', os.version: '10.0', java.version: '11.0.13'
Driver info: org.openqa.selenium.chrome.ChromeDriver
Capabilities {acceptInsecureCerts: false, browserName: chrome, browserVersion: 97.0.4692.71, chrome: {chromedriverVersion: 96.0.4664.45 (76e4c1bb2ab46..., userDataDir: C:\Users\bunal\AppData\Loca...}, goog:chromeOptions: {debuggerAddress: localhost:58088}, javascriptEnabled: true, networkConnectionEnabled: false, pageLoadStrategy: normal, platform: WINDOWS, platformName: WINDOWS, proxy: Proxy(), setWindowRect: true, strictFileInteractability: false, timeouts: {implicit: 0, pageLoad: 300000, script: 30000}, unhandledPromptBehavior: dismiss and notify, webauthn:extension:credBlob: true, webauthn:extension:largeBlob: true, webauthn:virtualAuthenticators: true}
Session ID: 06de772066070830bb8a787ad8bc95c3
*** Element info: {Using=css selector, value=.pac-item}
23:16:43.951 INFO  manager.MyListener - This is link of your screen -->src/test/screenshots/screen1003.png
23:16:49.770 INFO  manager.MyListener - Start find element --->By.cssSelector: [href='/search']
23:16:49.805 INFO  manager.MyListener - The element with locator --->By.cssSelector: [href='/search']--->was found
23:16:49.881 INFO  tests.TestBase - Name of test --->searchPeriodCurrentFromTodayForWeek
23:16:49.882 INFO  manager.MyListener - Start find element --->By.id: city
23:16:49.909 INFO  manager.MyListener - The element with locator --->By.id: city--->was found
23:16:50.143 INFO  manager.MyListener - Start find element --->By.cssSelector: .pac-item
23:16:50.174 INFO  manager.MyListener - The element with locator --->By.cssSelector: .pac-item--->was found
23:16:50.760 INFO  manager.MyListener - Start find element --->By.id: dates
23:16:50.798 INFO  manager.MyListener - The element with locator --->By.id: dates--->was found
23:16:50.964 INFO  manager.MyListener - Start find element --->By.xpath: //div[text()=' 5 ']
23:16:50.999 INFO  manager.MyListener - The element with locator --->By.xpath: //div[text()=' 5 ']--->was found
23:16:52.117 INFO  manager.MyListener - Start find element --->By.xpath: //div[text()=' 12 ']
23:16:52.155 INFO  manager.MyListener - The element with locator --->By.xpath: //div[text()=' 12 ']--->was found
23:16:57.266 INFO  manager.MyListener - Start find element --->By.cssSelector: [type='submit']
23:16:57.295 INFO  manager.MyListener - The element with locator --->By.cssSelector: [type='submit']--->was found
23:16:57.431 INFO  manager.MyListener - Start find element --->By.cssSelector: .search-results
23:16:57.450 INFO  manager.MyListener - The element with locator --->By.cssSelector: .search-results--->was found
23:17:02.463 INFO  manager.MyListener - Start find element --->By.cssSelector: [href='/search']
23:17:02.490 INFO  manager.MyListener - The element with locator --->By.cssSelector: [href='/search']--->was found
23:17:02.551 INFO  tests.TestBase - Name of test --->searchPeriodCurrentMonth
23:17:02.551 INFO  manager.MyListener - Start find element --->By.id: city
23:17:02.563 INFO  manager.MyListener - The element with locator --->By.id: city--->was found
23:17:02.754 INFO  manager.MyListener - Start find element --->By.cssSelector: .pac-item
23:17:02.769 INFO  manager.MyListener - The element with locator --->By.cssSelector: .pac-item--->was found
23:17:07.814 INFO  manager.MyListener - We have a throwable --->element not interactable
  (Session info: chrome=97.0.4692.71)
Build info: version: '3.141.59', revision: 'e82be7d358', time: '2018-11-14T08:17:03'
System info: host: 'LAPTOP-KM2BH8Q8', ip: '10.0.0.10', os.name: 'Windows 10', os.arch: 'amd64', os.version: '10.0', java.version: '11.0.13'
Driver info: org.openqa.selenium.chrome.ChromeDriver
Capabilities {acceptInsecureCerts: false, browserName: chrome, browserVersion: 97.0.4692.71, chrome: {chromedriverVersion: 96.0.4664.45 (76e4c1bb2ab46..., userDataDir: C:\Users\bunal\AppData\Loca...}, goog:chromeOptions: {debuggerAddress: localhost:58088}, javascriptEnabled: true, networkConnectionEnabled: false, pageLoadStrategy: normal, platform: WINDOWS, platformName: WINDOWS, proxy: Proxy(), setWindowRect: true, strictFileInteractability: false, timeouts: {implicit: 0, pageLoad: 300000, script: 30000}, unhandledPromptBehavior: dismiss and notify, webauthn:extension:credBlob: true, webauthn:extension:largeBlob: true, webauthn:virtualAuthenticators: true}
Session ID: 06de772066070830bb8a787ad8bc95c3
23:17:07.815 INFO  manager.MyListener - org.openqa.selenium.ElementNotInteractableException: element not interactable
  (Session info: chrome=97.0.4692.71)
Build info: version: '3.141.59', revision: 'e82be7d358', time: '2018-11-14T08:17:03'
System info: host: 'LAPTOP-KM2BH8Q8', ip: '10.0.0.10', os.name: 'Windows 10', os.arch: 'amd64', os.version: '10.0', java.version: '11.0.13'
Driver info: org.openqa.selenium.chrome.ChromeDriver
Capabilities {acceptInsecureCerts: false, browserName: chrome, browserVersion: 97.0.4692.71, chrome: {chromedriverVersion: 96.0.4664.45 (76e4c1bb2ab46..., userDataDir: C:\Users\bunal\AppData\Loca...}, goog:chromeOptions: {debuggerAddress: localhost:58088}, javascriptEnabled: true, networkConnectionEnabled: false, pageLoadStrategy: normal, platform: WINDOWS, platformName: WINDOWS, proxy: Proxy(), setWindowRect: true, strictFileInteractability: false, timeouts: {implicit: 0, pageLoad: 300000, script: 30000}, unhandledPromptBehavior: dismiss and notify, webauthn:extension:credBlob: true, webauthn:extension:largeBlob: true, webauthn:virtualAuthenticators: true}
Session ID: 06de772066070830bb8a787ad8bc95c3
23:17:07.815 INFO  manager.MyListener - This is link of your screen -->src/test/screenshots/screen1027.png
23:17:13.631 INFO  manager.MyListener - Start find element --->By.cssSelector: [href='/search']
23:17:13.662 INFO  manager.MyListener - The element with locator --->By.cssSelector: [href='/search']--->was found
23:17:13.774 INFO  tests.TestBase - Name of test --->typePeriodInPast
23:17:13.776 INFO  manager.MyListener - Start find element --->By.id: city
23:17:13.807 INFO  manager.MyListener - The element with locator --->By.id: city--->was found
23:17:14.097 INFO  manager.MyListener - Start find element --->By.cssSelector: .pac-item
23:17:14.134 INFO  manager.MyListener - The element with locator --->By.cssSelector: .pac-item--->was found
23:17:19.186 INFO  manager.MyListener - We have a throwable --->element not interactable
  (Session info: chrome=97.0.4692.71)
Build info: version: '3.141.59', revision: 'e82be7d358', time: '2018-11-14T08:17:03'
System info: host: 'LAPTOP-KM2BH8Q8', ip: '10.0.0.10', os.name: 'Windows 10', os.arch: 'amd64', os.version: '10.0', java.version: '11.0.13'
Driver info: org.openqa.selenium.chrome.ChromeDriver
Capabilities {acceptInsecureCerts: false, browserName: chrome, browserVersion: 97.0.4692.71, chrome: {chromedriverVersion: 96.0.4664.45 (76e4c1bb2ab46..., userDataDir: C:\Users\bunal\AppData\Loca...}, goog:chromeOptions: {debuggerAddress: localhost:58088}, javascriptEnabled: true, networkConnectionEnabled: false, pageLoadStrategy: normal, platform: WINDOWS, platformName: WINDOWS, proxy: Proxy(), setWindowRect: true, strictFileInteractability: false, timeouts: {implicit: 0, pageLoad: 300000, script: 30000}, unhandledPromptBehavior: dismiss and notify, webauthn:extension:credBlob: true, webauthn:extension:largeBlob: true, webauthn:virtualAuthenticators: true}
Session ID: 06de772066070830bb8a787ad8bc95c3
23:17:19.186 INFO  manager.MyListener - org.openqa.selenium.ElementNotInteractableException: element not interactable
  (Session info: chrome=97.0.4692.71)
Build info: version: '3.141.59', revision: 'e82be7d358', time: '2018-11-14T08:17:03'
System info: host: 'LAPTOP-KM2BH8Q8', ip: '10.0.0.10', os.name: 'Windows 10', os.arch: 'amd64', os.version: '10.0', java.version: '11.0.13'
Driver info: org.openqa.selenium.chrome.ChromeDriver
Capabilities {acceptInsecureCerts: false, browserName: chrome, browserVersion: 97.0.4692.71, chrome: {chromedriverVersion: 96.0.4664.45 (76e4c1bb2ab46..., userDataDir: C:\Users\bunal\AppData\Loca...}, goog:chromeOptions: {debuggerAddress: localhost:58088}, javascriptEnabled: true, networkConnectionEnabled: false, pageLoadStrategy: normal, platform: WINDOWS, platformName: WINDOWS, proxy: Proxy(), setWindowRect: true, strictFileInteractability: false, timeouts: {implicit: 0, pageLoad: 300000, script: 30000}, unhandledPromptBehavior: dismiss and notify, webauthn:extension:credBlob: true, webauthn:extension:largeBlob: true, webauthn:virtualAuthenticators: true}
Session ID: 06de772066070830bb8a787ad8bc95c3
23:17:19.187 INFO  manager.MyListener - This is link of your screen -->src/test/screenshots/screen1039.png
23:17:25.027 INFO  manager.MyListener - Start find element --->By.cssSelector: [href='/search']
23:17:25.054 INFO  manager.MyListener - The element with locator --->By.cssSelector: [href='/search']--->was found
