03:48:33.212 INFO  manager.ApplicationManager - All tests start in 'Chrome' browser
03:48:37.726 INFO  tests.TestBase - Name of test --->searchPeriodAnyData
03:48:37.730 INFO  manager.MyListener - Start find element --->By.id: city
03:48:37.775 INFO  manager.MyListener - The element with locator --->By.id: city--->was found
03:48:38.012 INFO  manager.MyListener - Start find element --->By.cssSelector: .pac-item
03:48:38.342 INFO  manager.MyListener - The element with locator --->By.cssSelector: .pac-item--->was found
03:48:38.920 INFO  manager.MyListener - Start find element --->By.cssSelector: .search-card
03:48:38.959 INFO  manager.MyListener - The element with locator --->By.cssSelector: .search-card--->was found
03:48:39.027 INFO  manager.MyListener - Start find element --->By.id: dates
03:48:39.058 INFO  manager.MyListener - The element with locator --->By.id: dates--->was found
03:48:39.179 INFO  manager.MyListener - Start find element --->By.xpath: //*[@aria-label='Next month']
03:48:39.210 INFO  manager.MyListener - The element with locator --->By.xpath: //*[@aria-label='Next month']--->was found
03:48:39.286 INFO  manager.MyListener - Start find element --->By.xpath: //div[text()=' 30 ']
03:48:39.300 INFO  manager.MyListener - The element with locator --->By.xpath: //div[text()=' 30 ']--->was found
03:48:39.360 INFO  manager.MyListener - Start find element --->By.xpath: //*[@aria-label='Next month']
03:48:39.379 INFO  manager.MyListener - The element with locator --->By.xpath: //*[@aria-label='Next month']--->was found
03:48:39.430 INFO  manager.MyListener - Start find element --->By.xpath: //*[@aria-label='Next month']
03:48:39.455 INFO  manager.MyListener - The element with locator --->By.xpath: //*[@aria-label='Next month']--->was found
03:48:39.502 INFO  manager.MyListener - Start find element --->By.xpath: //*[@aria-label='Next month']
03:48:39.518 INFO  manager.MyListener - The element with locator --->By.xpath: //*[@aria-label='Next month']--->was found
03:48:39.561 INFO  manager.MyListener - Start find element --->By.xpath: //div[text()=' 25 ']
03:48:39.582 INFO  manager.MyListener - The element with locator --->By.xpath: //div[text()=' 25 ']--->was found
03:48:46.663 INFO  manager.MyListener - Start find element --->By.cssSelector: [type='submit']
03:48:46.700 INFO  manager.MyListener - The element with locator --->By.cssSelector: [type='submit']--->was found
03:48:46.832 INFO  manager.MyListener - Start find element --->By.cssSelector: .search-results
03:48:46.934 INFO  manager.MyListener - The element with locator --->By.cssSelector: .search-results--->was found
03:48:51.954 INFO  manager.MyListener - Start find element --->By.cssSelector: [href='/search']
03:48:51.991 INFO  manager.MyListener - The element with locator --->By.cssSelector: [href='/search']--->was found
03:48:52.104 INFO  tests.TestBase - Name of test --->searchPeriodCurrentFromTodayForWeek
03:48:52.107 INFO  manager.MyListener - Start find element --->By.id: city
03:48:52.146 INFO  manager.MyListener - The element with locator --->By.id: city--->was found
03:48:52.456 INFO  manager.MyListener - Start find element --->By.cssSelector: .pac-item
03:48:52.486 INFO  manager.MyListener - The element with locator --->By.cssSelector: .pac-item--->was found
03:48:53.072 INFO  manager.MyListener - Start find element --->By.cssSelector: .search-card
03:48:53.110 INFO  manager.MyListener - The element with locator --->By.cssSelector: .search-card--->was found
03:48:53.186 INFO  manager.MyListener - Start find element --->By.id: dates
03:48:53.219 INFO  manager.MyListener - The element with locator --->By.id: dates--->was found
03:48:53.329 INFO  manager.MyListener - Start find element --->By.xpath: //div[text()=' 10 ']
03:48:53.360 INFO  manager.MyListener - The element with locator --->By.xpath: //div[text()=' 10 ']--->was found
03:48:54.473 INFO  manager.MyListener - Start find element --->By.xpath: //div[text()=' 17 ']
03:48:54.510 INFO  manager.MyListener - The element with locator --->By.xpath: //div[text()=' 17 ']--->was found
03:48:59.603 INFO  manager.MyListener - Start find element --->By.cssSelector: [type='submit']
03:48:59.636 INFO  manager.MyListener - The element with locator --->By.cssSelector: [type='submit']--->was found
03:48:59.805 INFO  manager.MyListener - Start find element --->By.cssSelector: .search-results
03:48:59.845 INFO  manager.MyListener - The element with locator --->By.cssSelector: .search-results--->was found
03:49:04.857 INFO  manager.MyListener - Start find element --->By.cssSelector: [href='/search']
03:49:04.887 INFO  manager.MyListener - The element with locator --->By.cssSelector: [href='/search']--->was found
03:49:04.975 INFO  tests.TestBase - Name of test --->searchPeriodCurrentMonth
03:49:04.976 INFO  manager.MyListener - Start find element --->By.id: city
03:49:04.994 INFO  manager.MyListener - The element with locator --->By.id: city--->was found
03:49:05.267 INFO  manager.MyListener - Start find element --->By.cssSelector: .pac-item
03:49:05.284 INFO  manager.MyListener - The element with locator --->By.cssSelector: .pac-item--->was found
03:49:10.354 INFO  manager.MyListener - We have a throwable --->element not interactable
  (Session info: chrome=97.0.4692.71)
Build info: version: '3.141.59', revision: 'e82be7d358', time: '2018-11-14T08:17:03'
System info: host: 'LAPTOP-KM2BH8Q8', ip: '10.0.0.10', os.name: 'Windows 10', os.arch: 'amd64', os.version: '10.0', java.version: '11.0.13'
Driver info: org.openqa.selenium.chrome.ChromeDriver
Capabilities {acceptInsecureCerts: false, browserName: chrome, browserVersion: 97.0.4692.71, chrome: {chromedriverVersion: 96.0.4664.45 (76e4c1bb2ab46..., userDataDir: C:\Users\bunal\AppData\Loca...}, goog:chromeOptions: {debuggerAddress: localhost:59658}, javascriptEnabled: true, networkConnectionEnabled: false, pageLoadStrategy: normal, platform: WINDOWS, platformName: WINDOWS, proxy: Proxy(), setWindowRect: true, strictFileInteractability: false, timeouts: {implicit: 0, pageLoad: 300000, script: 30000}, unhandledPromptBehavior: dismiss and notify, webauthn:extension:credBlob: true, webauthn:extension:largeBlob: true, webauthn:virtualAuthenticators: true}
Session ID: 32b94ff7c335aa49861a17757db2f015
03:49:10.355 INFO  manager.MyListener - org.openqa.selenium.ElementNotInteractableException: element not interactable
  (Session info: chrome=97.0.4692.71)
Build info: version: '3.141.59', revision: 'e82be7d358', time: '2018-11-14T08:17:03'
System info: host: 'LAPTOP-KM2BH8Q8', ip: '10.0.0.10', os.name: 'Windows 10', os.arch: 'amd64', os.version: '10.0', java.version: '11.0.13'
Driver info: org.openqa.selenium.chrome.ChromeDriver
Capabilities {acceptInsecureCerts: false, browserName: chrome, browserVersion: 97.0.4692.71, chrome: {chromedriverVersion: 96.0.4664.45 (76e4c1bb2ab46..., userDataDir: C:\Users\bunal\AppData\Loca...}, goog:chromeOptions: {debuggerAddress: localhost:59658}, javascriptEnabled: true, networkConnectionEnabled: false, pageLoadStrategy: normal, platform: WINDOWS, platformName: WINDOWS, proxy: Proxy(), setWindowRect: true, strictFileInteractability: false, timeouts: {implicit: 0, pageLoad: 300000, script: 30000}, unhandledPromptBehavior: dismiss and notify, webauthn:extension:credBlob: true, webauthn:extension:largeBlob: true, webauthn:virtualAuthenticators: true}
Session ID: 32b94ff7c335aa49861a17757db2f015
03:49:10.357 INFO  manager.MyListener - This is link of your screen -->src/test/screenshots/screen2950.png
03:49:16.330 INFO  manager.MyListener - Start find element --->By.cssSelector: [href='/search']
03:49:16.361 INFO  manager.MyListener - The element with locator --->By.cssSelector: [href='/search']--->was found
03:49:16.458 INFO  tests.TestBase - Name of test --->typePeriodInPast
03:49:16.460 INFO  manager.MyListener - Start find element --->By.id: city
03:49:16.490 INFO  manager.MyListener - The element with locator --->By.id: city--->was found
03:49:16.730 INFO  manager.MyListener - Start find element --->By.cssSelector: .pac-item
03:49:16.749 INFO  manager.MyListener - The element with locator --->By.cssSelector: .pac-item--->was found
03:49:21.838 INFO  manager.MyListener - We have a throwable --->element not interactable
  (Session info: chrome=97.0.4692.71)
Build info: version: '3.141.59', revision: 'e82be7d358', time: '2018-11-14T08:17:03'
System info: host: 'LAPTOP-KM2BH8Q8', ip: '10.0.0.10', os.name: 'Windows 10', os.arch: 'amd64', os.version: '10.0', java.version: '11.0.13'
Driver info: org.openqa.selenium.chrome.ChromeDriver
Capabilities {acceptInsecureCerts: false, browserName: chrome, browserVersion: 97.0.4692.71, chrome: {chromedriverVersion: 96.0.4664.45 (76e4c1bb2ab46..., userDataDir: C:\Users\bunal\AppData\Loca...}, goog:chromeOptions: {debuggerAddress: localhost:59658}, javascriptEnabled: true, networkConnectionEnabled: false, pageLoadStrategy: normal, platform: WINDOWS, platformName: WINDOWS, proxy: Proxy(), setWindowRect: true, strictFileInteractability: false, timeouts: {implicit: 0, pageLoad: 300000, script: 30000}, unhandledPromptBehavior: dismiss and notify, webauthn:extension:credBlob: true, webauthn:extension:largeBlob: true, webauthn:virtualAuthenticators: true}
Session ID: 32b94ff7c335aa49861a17757db2f015
03:49:21.839 INFO  manager.MyListener - org.openqa.selenium.ElementNotInteractableException: element not interactable
  (Session info: chrome=97.0.4692.71)
Build info: version: '3.141.59', revision: 'e82be7d358', time: '2018-11-14T08:17:03'
System info: host: 'LAPTOP-KM2BH8Q8', ip: '10.0.0.10', os.name: 'Windows 10', os.arch: 'amd64', os.version: '10.0', java.version: '11.0.13'
Driver info: org.openqa.selenium.chrome.ChromeDriver
Capabilities {acceptInsecureCerts: false, browserName: chrome, browserVersion: 97.0.4692.71, chrome: {chromedriverVersion: 96.0.4664.45 (76e4c1bb2ab46..., userDataDir: C:\Users\bunal\AppData\Loca...}, goog:chromeOptions: {debuggerAddress: localhost:59658}, javascriptEnabled: true, networkConnectionEnabled: false, pageLoadStrategy: normal, platform: WINDOWS, platformName: WINDOWS, proxy: Proxy(), setWindowRect: true, strictFileInteractability: false, timeouts: {implicit: 0, pageLoad: 300000, script: 30000}, unhandledPromptBehavior: dismiss and notify, webauthn:extension:credBlob: true, webauthn:extension:largeBlob: true, webauthn:virtualAuthenticators: true}
Session ID: 32b94ff7c335aa49861a17757db2f015
03:49:21.840 INFO  manager.MyListener - This is link of your screen -->src/test/screenshots/screen2961.png
03:49:27.787 INFO  manager.MyListener - Start find element --->By.cssSelector: [href='/search']
03:49:27.814 INFO  manager.MyListener - The element with locator --->By.cssSelector: [href='/search']--->was found
