02:53:12.111 INFO  manager.ApplicationManager - All tests start in 'Chrome' browser
02:53:15.590 INFO  tests.TestBase - Name of test --->addNewCarSuccess
02:53:20.602 INFO  manager.MyListener - Start find element --->By.xpath: //*[text()=' Logout ']
02:53:25.699 INFO  manager.MyListener - The element with locator --->By.xpath: //*[text()=' Logout ']--->was found
02:53:25.702 INFO  manager.MyListener - Start find element --->By.xpath: //a[text()=' Log in ']
02:53:25.744 INFO  manager.MyListener - The element with locator --->By.xpath: //a[text()=' Log in ']--->was found
02:53:25.875 INFO  manager.MyListener - Start find element --->By.id: email
02:53:25.902 INFO  manager.MyListener - The element with locator --->By.id: email--->was found
02:53:26.148 INFO  manager.MyListener - Start find element --->By.id: password
02:53:26.184 INFO  manager.MyListener - The element with locator --->By.id: password--->was found
02:53:26.394 INFO  manager.MyListener - Start find element --->By.cssSelector: [type='submit']
02:53:26.432 INFO  manager.MyListener - The element with locator --->By.cssSelector: [type='submit']--->was found
02:53:31.538 INFO  manager.MyListener - Start find element --->By.xpath: //div[@class='dialog-container']
02:53:31.567 INFO  manager.MyListener - The element with locator --->By.xpath: //div[@class='dialog-container']--->was found
02:53:31.568 INFO  manager.MyListener - Start find element --->By.xpath: //*[text()='Ok']
02:53:31.592 INFO  manager.MyListener - The element with locator --->By.xpath: //*[text()='Ok']--->was found
02:53:31.715 INFO  tests.TestBase - Car was added for userUser{name='null', lastName='null', email='tvistermister220@gmail.com', password='Jj12345$'}
02:53:31.810 INFO  tests.TestBase - Car was addedCar(address=Tel Aviv, Israel, make=BMW, model=M5, year=2020, engine=2.5, fuel=Petrol, gear=MT, wD=AWD, doors=5, seats=4, clasS=C, fuelConsumption=6.5, carRegNumber=102-33-3211, price=65, distanceIncluded=500, features=type of, about=Very good car)
02:53:36.821 INFO  manager.MyListener - Start find element --->By.cssSelector: [href='/let-car-work']
02:53:36.858 INFO  manager.MyListener - The element with locator --->By.cssSelector: [href='/let-car-work']--->was found
02:53:36.991 INFO  manager.MyListener - Start find element --->By.id: pickUpPlace
02:53:37.028 INFO  manager.MyListener - The element with locator --->By.id: pickUpPlace--->was found
02:53:37.280 INFO  manager.MyListener - Start find element --->By.id: pickUpPlace
02:53:37.301 INFO  manager.MyListener - The element with locator --->By.id: pickUpPlace--->was found
02:53:37.761 INFO  manager.MyListener - Start find element --->By.id: make
02:53:37.788 INFO  manager.MyListener - The element with locator --->By.id: make--->was found
02:53:37.999 INFO  manager.MyListener - Start find element --->By.id: model
02:53:38.041 INFO  manager.MyListener - The element with locator --->By.id: model--->was found
02:53:38.265 INFO  manager.MyListener - Start find element --->By.id: year
02:53:38.305 INFO  manager.MyListener - The element with locator --->By.id: year--->was found
02:53:38.562 INFO  manager.MyListener - Start find element --->By.id: engine
02:53:38.595 INFO  manager.MyListener - The element with locator --->By.id: engine--->was found
02:53:38.849 INFO  manager.MyListener - Start find element --->By.id: fuel
02:53:38.880 INFO  manager.MyListener - The element with locator --->By.id: fuel--->was found
02:53:38.939 INFO  manager.MyListener - Start find element --->By.xpath: .//option[@value = "Petrol"]
02:53:38.974 INFO  manager.MyListener - The element with locator --->By.xpath: .//option[@value = "Petrol"]--->was found
02:53:39.059 INFO  manager.MyListener - Start find element --->By.id: gear
02:53:39.097 INFO  manager.MyListener - The element with locator --->By.id: gear--->was found
02:53:39.137 INFO  manager.MyListener - Start find element --->By.xpath: .//option[@value = "MT"]
02:53:39.179 INFO  manager.MyListener - The element with locator --->By.xpath: .//option[@value = "MT"]--->was found
02:53:39.259 INFO  manager.MyListener - Start find element --->By.id: wheelsDrive
02:53:39.299 INFO  manager.MyListener - The element with locator --->By.id: wheelsDrive--->was found
02:53:39.337 INFO  manager.MyListener - Start find element --->By.xpath: .//option[@value = "AWD"]
02:53:39.379 INFO  manager.MyListener - The element with locator --->By.xpath: .//option[@value = "AWD"]--->was found
02:53:39.464 INFO  manager.MyListener - Start find element --->By.id: doors
02:53:39.502 INFO  manager.MyListener - The element with locator --->By.id: doors--->was found
02:53:39.741 INFO  manager.MyListener - Start find element --->By.id: seats
02:53:39.777 INFO  manager.MyListener - The element with locator --->By.id: seats--->was found
02:53:40.044 INFO  manager.MyListener - Start find element --->By.id: class
02:53:40.079 INFO  manager.MyListener - The element with locator --->By.id: class--->was found
02:53:40.313 INFO  manager.MyListener - Start find element --->By.id: fuelConsumption
02:53:40.345 INFO  manager.MyListener - The element with locator --->By.id: fuelConsumption--->was found
02:53:40.596 INFO  manager.MyListener - Start find element --->By.id: serialNumber
02:53:40.627 INFO  manager.MyListener - The element with locator --->By.id: serialNumber--->was found
02:53:40.863 INFO  manager.MyListener - Start find element --->By.id: price
02:53:40.892 INFO  manager.MyListener - The element with locator --->By.id: price--->was found
02:53:41.158 INFO  manager.MyListener - Start find element --->By.id: distance
02:53:41.183 INFO  manager.MyListener - The element with locator --->By.id: distance--->was found
02:53:41.441 INFO  manager.MyListener - Start find element --->By.cssSelector: .feature-input
02:53:41.478 INFO  manager.MyListener - The element with locator --->By.cssSelector: .feature-input--->was found
02:53:41.677 INFO  manager.MyListener - Start find element --->By.id: about
02:53:41.706 INFO  manager.MyListener - The element with locator --->By.id: about--->was found
02:53:41.918 INFO  manager.MyListener - Start find element --->By.id: photos
02:53:41.945 INFO  manager.MyListener - The element with locator --->By.id: photos--->was found
02:53:42.035 INFO  manager.MyListener - Start find element --->By.xpath: //button[text()='Submit']
02:53:42.062 INFO  manager.MyListener - The element with locator --->By.xpath: //button[text()='Submit']--->was found
02:53:43.851 INFO  manager.MyListener - Start find element --->By.xpath: //button[text()='Submit']
02:53:43.875 INFO  manager.MyListener - The element with locator --->By.xpath: //button[text()='Submit']--->was found
02:53:43.964 INFO  manager.MyListener - Start find element --->By.cssSelector: div.dialog-container
02:53:45.112 INFO  manager.MyListener - The element with locator --->By.cssSelector: div.dialog-container--->was found
02:53:45.152 INFO  manager.MyListener - Start find element --->By.cssSelector: div.dialog-container h1
02:53:45.186 INFO  manager.MyListener - The element with locator --->By.cssSelector: div.dialog-container h1--->was found
02:53:45.223 INFO  manager.MyListener - Start find element --->By.xpath: //button[text()='Search cars']
02:53:45.262 INFO  manager.MyListener - The element with locator --->By.xpath: //button[text()='Search cars']--->was found
02:53:45.340 INFO  manager.MyListener - Start find element --->By.xpath: //*[text()=' Logout ']
02:53:45.375 INFO  manager.MyListener - The element with locator --->By.xpath: //*[text()=' Logout ']--->was found
02:53:45.566 INFO  tests.TestBase - Name of test --->addNewCarSuccess2
02:53:50.581 INFO  manager.MyListener - Start find element --->By.xpath: //*[text()=' Logout ']
02:53:55.607 INFO  manager.MyListener - The element with locator --->By.xpath: //*[text()=' Logout ']--->was found
02:53:55.607 INFO  manager.MyListener - Start find element --->By.xpath: //a[text()=' Log in ']
02:53:55.633 INFO  manager.MyListener - The element with locator --->By.xpath: //a[text()=' Log in ']--->was found
02:53:55.736 INFO  manager.MyListener - Start find element --->By.id: email
02:53:55.774 INFO  manager.MyListener - The element with locator --->By.id: email--->was found
02:53:56.025 INFO  manager.MyListener - Start find element --->By.id: password
02:53:56.047 INFO  manager.MyListener - The element with locator --->By.id: password--->was found
02:53:56.291 INFO  manager.MyListener - Start find element --->By.cssSelector: [type='submit']
02:53:56.329 INFO  manager.MyListener - The element with locator --->By.cssSelector: [type='submit']--->was found
02:54:01.447 INFO  manager.MyListener - Start find element --->By.xpath: //div[@class='dialog-container']
02:54:01.485 INFO  manager.MyListener - The element with locator --->By.xpath: //div[@class='dialog-container']--->was found
02:54:01.486 INFO  manager.MyListener - Start find element --->By.xpath: //*[text()='Ok']
02:54:01.514 INFO  manager.MyListener - The element with locator --->By.xpath: //*[text()='Ok']--->was found
02:54:01.582 INFO  tests.TestBase - Car was added for userUser{name='null', lastName='null', email='tvistermister220@gmail.com', password='Jj12345$'}
02:54:01.584 INFO  tests.TestBase - Car was addedCar(address=Tel Aviv, Israel, make=BMW, model=M5, year=2020, engine=2.5, fuel=Petrol, gear=MT, wD=AWD, doors=5, seats=4, clasS=C, fuelConsumption=6.5, carRegNumber=102-33-3241, price=65, distanceIncluded=500, features=type of, about=Very good car)
02:54:06.600 INFO  manager.MyListener - Start find element --->By.cssSelector: [href='/let-car-work']
02:54:06.639 INFO  manager.MyListener - The element with locator --->By.cssSelector: [href='/let-car-work']--->was found
02:54:06.748 INFO  manager.MyListener - Start find element --->By.id: pickUpPlace
02:54:06.774 INFO  manager.MyListener - The element with locator --->By.id: pickUpPlace--->was found
02:54:07.025 INFO  manager.MyListener - Start find element --->By.id: pickUpPlace
02:54:07.048 INFO  manager.MyListener - The element with locator --->By.id: pickUpPlace--->was found
02:54:07.459 INFO  manager.MyListener - Start find element --->By.id: make
02:54:07.497 INFO  manager.MyListener - The element with locator --->By.id: make--->was found
02:54:07.716 INFO  manager.MyListener - Start find element --->By.id: model
02:54:07.759 INFO  manager.MyListener - The element with locator --->By.id: model--->was found
02:54:07.977 INFO  manager.MyListener - Start find element --->By.id: year
02:54:08.007 INFO  manager.MyListener - The element with locator --->By.id: year--->was found
02:54:08.237 INFO  manager.MyListener - Start find element --->By.id: engine
02:54:08.270 INFO  manager.MyListener - The element with locator --->By.id: engine--->was found
02:54:08.510 INFO  manager.MyListener - Start find element --->By.id: fuel
02:54:08.531 INFO  manager.MyListener - The element with locator --->By.id: fuel--->was found
02:54:08.560 INFO  manager.MyListener - Start find element --->By.xpath: .//option[@value = "Petrol"]
02:54:08.601 INFO  manager.MyListener - The element with locator --->By.xpath: .//option[@value = "Petrol"]--->was found
02:54:08.689 INFO  manager.MyListener - Start find element --->By.id: gear
02:54:08.723 INFO  manager.MyListener - The element with locator --->By.id: gear--->was found
02:54:08.764 INFO  manager.MyListener - Start find element --->By.xpath: .//option[@value = "MT"]
02:54:08.803 INFO  manager.MyListener - The element with locator --->By.xpath: .//option[@value = "MT"]--->was found
02:54:08.865 INFO  manager.MyListener - Start find element --->By.id: wheelsDrive
02:54:08.886 INFO  manager.MyListener - The element with locator --->By.id: wheelsDrive--->was found
02:54:08.934 INFO  manager.MyListener - Start find element --->By.xpath: .//option[@value = "AWD"]
02:54:08.972 INFO  manager.MyListener - The element with locator --->By.xpath: .//option[@value = "AWD"]--->was found
02:54:09.054 INFO  manager.MyListener - Start find element --->By.id: doors
02:54:09.079 INFO  manager.MyListener - The element with locator --->By.id: doors--->was found
02:54:09.335 INFO  manager.MyListener - Start find element --->By.id: seats
02:54:09.374 INFO  manager.MyListener - The element with locator --->By.id: seats--->was found
02:54:09.613 INFO  manager.MyListener - Start find element --->By.id: class
02:54:09.638 INFO  manager.MyListener - The element with locator --->By.id: class--->was found
02:54:09.825 INFO  manager.MyListener - Start find element --->By.id: fuelConsumption
02:54:09.858 INFO  manager.MyListener - The element with locator --->By.id: fuelConsumption--->was found
02:54:10.123 INFO  manager.MyListener - Start find element --->By.id: serialNumber
02:54:10.148 INFO  manager.MyListener - The element with locator --->By.id: serialNumber--->was found
02:54:10.376 INFO  manager.MyListener - Start find element --->By.id: price
02:54:10.414 INFO  manager.MyListener - The element with locator --->By.id: price--->was found
02:54:10.667 INFO  manager.MyListener - Start find element --->By.id: distance
02:54:10.692 INFO  manager.MyListener - The element with locator --->By.id: distance--->was found
02:54:10.951 INFO  manager.MyListener - Start find element --->By.cssSelector: .feature-input
02:54:10.992 INFO  manager.MyListener - The element with locator --->By.cssSelector: .feature-input--->was found
02:54:11.225 INFO  manager.MyListener - Start find element --->By.id: about
02:54:11.254 INFO  manager.MyListener - The element with locator --->By.id: about--->was found
02:54:11.453 INFO  manager.MyListener - Start find element --->By.id: photos
02:54:11.480 INFO  manager.MyListener - The element with locator --->By.id: photos--->was found
02:54:11.555 INFO  manager.MyListener - Start find element --->By.xpath: //button[text()='Submit']
02:54:11.597 INFO  manager.MyListener - The element with locator --->By.xpath: //button[text()='Submit']--->was found
02:54:41.870 INFO  manager.MyListener - Start find element --->By.xpath: //button[text()='Search cars']
02:54:46.922 INFO  manager.MyListener - We have a throwable --->no such element: Unable to locate element: {"method":"xpath","selector":"//button[text()='Search cars']"}
  (Session info: chrome=97.0.4692.71)
For documentation on this error, please visit: https://www.seleniumhq.org/exceptions/no_such_element.html
Build info: version: '3.141.59', revision: 'e82be7d358', time: '2018-11-14T08:17:03'
System info: host: 'LAPTOP-KM2BH8Q8', ip: '10.0.0.10', os.name: 'Windows 10', os.arch: 'amd64', os.version: '10.0', java.version: '11.0.13'
Driver info: org.openqa.selenium.chrome.ChromeDriver
Capabilities {acceptInsecureCerts: false, browserName: chrome, browserVersion: 97.0.4692.71, chrome: {chromedriverVersion: 96.0.4664.45 (76e4c1bb2ab46..., userDataDir: C:\Users\bunal\AppData\Loca...}, goog:chromeOptions: {debuggerAddress: localhost:64292}, javascriptEnabled: true, networkConnectionEnabled: false, pageLoadStrategy: normal, platform: WINDOWS, platformName: WINDOWS, proxy: Proxy(), setWindowRect: true, strictFileInteractability: false, timeouts: {implicit: 0, pageLoad: 300000, script: 30000}, unhandledPromptBehavior: dismiss and notify, webauthn:extension:credBlob: true, webauthn:extension:largeBlob: true, webauthn:virtualAuthenticators: true}
Session ID: f1971a862ad6bc30db9bc9d36392a60f
*** Element info: {Using=xpath, value=//button[text()='Search cars']}
02:54:46.923 INFO  manager.MyListener - org.openqa.selenium.NoSuchElementException: no such element: Unable to locate element: {"method":"xpath","selector":"//button[text()='Search cars']"}
  (Session info: chrome=97.0.4692.71)
For documentation on this error, please visit: https://www.seleniumhq.org/exceptions/no_such_element.html
Build info: version: '3.141.59', revision: 'e82be7d358', time: '2018-11-14T08:17:03'
System info: host: 'LAPTOP-KM2BH8Q8', ip: '10.0.0.10', os.name: 'Windows 10', os.arch: 'amd64', os.version: '10.0', java.version: '11.0.13'
Driver info: org.openqa.selenium.chrome.ChromeDriver
Capabilities {acceptInsecureCerts: false, browserName: chrome, browserVersion: 97.0.4692.71, chrome: {chromedriverVersion: 96.0.4664.45 (76e4c1bb2ab46..., userDataDir: C:\Users\bunal\AppData\Loca...}, goog:chromeOptions: {debuggerAddress: localhost:64292}, javascriptEnabled: true, networkConnectionEnabled: false, pageLoadStrategy: normal, platform: WINDOWS, platformName: WINDOWS, proxy: Proxy(), setWindowRect: true, strictFileInteractability: false, timeouts: {implicit: 0, pageLoad: 300000, script: 30000}, unhandledPromptBehavior: dismiss and notify, webauthn:extension:credBlob: true, webauthn:extension:largeBlob: true, webauthn:virtualAuthenticators: true}
Session ID: f1971a862ad6bc30db9bc9d36392a60f
*** Element info: {Using=xpath, value=//button[text()='Search cars']}
02:54:46.929 INFO  manager.MyListener - This is link of your screen -->src/test/screenshots/screen3286.png
