23:12:56.183 INFO  manager.ApplicationManager - All tests start in 'Chrome' browser
23:13:01.199 INFO  tests.TestBase - Name of test --->addNewCarSuccess
23:13:06.215 INFO  manager.MyListener - Start find element --->By.xpath: //*[text()=' Logout ']
23:13:11.253 INFO  manager.MyListener - The element with locator --->By.xpath: //*[text()=' Logout ']--->was found
23:13:11.256 INFO  manager.MyListener - Start find element --->By.xpath: //a[text()=' Log in ']
23:13:11.303 INFO  manager.MyListener - The element with locator --->By.xpath: //a[text()=' Log in ']--->was found
23:13:11.449 INFO  manager.MyListener - Start find element --->By.id: email
23:13:11.509 INFO  manager.MyListener - The element with locator --->By.id: email--->was found
23:13:11.764 INFO  manager.MyListener - Start find element --->By.id: password
23:13:11.794 INFO  manager.MyListener - The element with locator --->By.id: password--->was found
23:13:11.960 INFO  manager.MyListener - Start find element --->By.cssSelector: [type='submit']
23:13:11.991 INFO  manager.MyListener - The element with locator --->By.cssSelector: [type='submit']--->was found
23:13:17.091 INFO  manager.MyListener - Start find element --->By.xpath: //div[@class='dialog-container']
23:13:17.133 INFO  manager.MyListener - The element with locator --->By.xpath: //div[@class='dialog-container']--->was found
23:13:17.134 INFO  manager.MyListener - Start find element --->By.xpath: //*[text()='Ok']
23:13:17.160 INFO  manager.MyListener - The element with locator --->By.xpath: //*[text()='Ok']--->was found
23:13:17.266 INFO  tests.TestBase - Car was added for userUser{name='null', lastName='null', email='tvistermister220@gmail.com', password='Jj12345$'}
23:13:17.370 INFO  tests.TestBase - Car was addedCar(address=Tel Aviv, Israel, make=BMW, model=M5, year=2020, engine=2.5, fuel=Petrol, gear=MT, wD=AWD, doors=5, seats=4, clasS=C, fuelConsumption=6.5, carRegNumber=102-33-797, price=65, distanceIncluded=500, features=type of, about=Very good car)
23:13:22.376 INFO  manager.MyListener - Start find element --->By.cssSelector: [href='/let-car-work']
23:13:22.415 INFO  manager.MyListener - The element with locator --->By.cssSelector: [href='/let-car-work']--->was found
23:13:22.535 INFO  manager.MyListener - Start find element --->By.id: pickUpPlace
23:13:22.562 INFO  manager.MyListener - The element with locator --->By.id: pickUpPlace--->was found
23:13:22.826 INFO  manager.MyListener - Start find element --->By.id: pickUpPlace
23:13:22.858 INFO  manager.MyListener - The element with locator --->By.id: pickUpPlace--->was found
23:13:23.320 INFO  manager.MyListener - Start find element --->By.id: make
23:13:23.347 INFO  manager.MyListener - The element with locator --->By.id: make--->was found
23:13:23.560 INFO  manager.MyListener - Start find element --->By.id: model
23:13:23.592 INFO  manager.MyListener - The element with locator --->By.id: model--->was found
23:13:23.828 INFO  manager.MyListener - Start find element --->By.id: year
23:13:23.859 INFO  manager.MyListener - The element with locator --->By.id: year--->was found
23:13:24.117 INFO  manager.MyListener - Start find element --->By.id: engine
23:13:24.152 INFO  manager.MyListener - The element with locator --->By.id: engine--->was found
23:13:24.368 INFO  manager.MyListener - Start find element --->By.id: fuel
23:13:24.404 INFO  manager.MyListener - The element with locator --->By.id: fuel--->was found
23:13:24.460 INFO  manager.MyListener - Start find element --->By.xpath: .//option[@value = "Petrol"]
23:13:24.499 INFO  manager.MyListener - The element with locator --->By.xpath: .//option[@value = "Petrol"]--->was found
23:13:24.581 INFO  manager.MyListener - Start find element --->By.id: gear
23:13:24.616 INFO  manager.MyListener - The element with locator --->By.id: gear--->was found
23:13:24.655 INFO  manager.MyListener - Start find element --->By.xpath: .//option[@value = "MT"]
23:13:24.693 INFO  manager.MyListener - The element with locator --->By.xpath: .//option[@value = "MT"]--->was found
23:13:24.767 INFO  manager.MyListener - Start find element --->By.id: wheelsDrive
23:13:24.804 INFO  manager.MyListener - The element with locator --->By.id: wheelsDrive--->was found
23:13:24.841 INFO  manager.MyListener - Start find element --->By.xpath: .//option[@value = "AWD"]
23:13:24.881 INFO  manager.MyListener - The element with locator --->By.xpath: .//option[@value = "AWD"]--->was found
23:13:24.948 INFO  manager.MyListener - Start find element --->By.id: doors
23:13:24.975 INFO  manager.MyListener - The element with locator --->By.id: doors--->was found
23:13:25.225 INFO  manager.MyListener - Start find element --->By.id: seats
23:13:25.259 INFO  manager.MyListener - The element with locator --->By.id: seats--->was found
23:13:25.482 INFO  manager.MyListener - Start find element --->By.id: class
23:13:25.524 INFO  manager.MyListener - The element with locator --->By.id: class--->was found
23:13:25.741 INFO  manager.MyListener - Start find element --->By.id: fuelConsumption
23:13:25.771 INFO  manager.MyListener - The element with locator --->By.id: fuelConsumption--->was found
23:13:26.018 INFO  manager.MyListener - Start find element --->By.id: serialNumber
23:13:26.048 INFO  manager.MyListener - The element with locator --->By.id: serialNumber--->was found
23:13:26.301 INFO  manager.MyListener - Start find element --->By.id: price
23:13:26.332 INFO  manager.MyListener - The element with locator --->By.id: price--->was found
23:13:26.572 INFO  manager.MyListener - Start find element --->By.id: distance
23:13:26.609 INFO  manager.MyListener - The element with locator --->By.id: distance--->was found
23:13:26.866 INFO  manager.MyListener - Start find element --->By.cssSelector: .feature-input
23:13:26.906 INFO  manager.MyListener - The element with locator --->By.cssSelector: .feature-input--->was found
23:13:27.115 INFO  manager.MyListener - Start find element --->By.id: about
23:13:27.143 INFO  manager.MyListener - The element with locator --->By.id: about--->was found
23:13:27.347 INFO  manager.MyListener - Start find element --->By.id: photos
23:13:27.384 INFO  manager.MyListener - The element with locator --->By.id: photos--->was found
23:13:27.496 INFO  manager.MyListener - Start find element --->By.xpath: //button[text()='Submit']
23:13:27.524 INFO  manager.MyListener - The element with locator --->By.xpath: //button[text()='Submit']--->was found
23:13:29.858 INFO  manager.MyListener - Start find element --->By.xpath: //button[text()='Submit']
23:13:29.890 INFO  manager.MyListener - The element with locator --->By.xpath: //button[text()='Submit']--->was found
23:13:29.979 INFO  manager.MyListener - Start find element --->By.cssSelector: div.dialog-container
23:13:31.399 INFO  manager.MyListener - The element with locator --->By.cssSelector: div.dialog-container--->was found
23:13:31.435 INFO  manager.MyListener - Start find element --->By.cssSelector: div.dialog-container h1
23:13:31.469 INFO  manager.MyListener - The element with locator --->By.cssSelector: div.dialog-container h1--->was found
23:13:31.512 INFO  manager.MyListener - Start find element --->By.xpath: //button[text()='Search cars']
23:13:31.545 INFO  manager.MyListener - The element with locator --->By.xpath: //button[text()='Search cars']--->was found
23:13:31.625 INFO  manager.MyListener - Start find element --->By.xpath: //*[text()=' Logout ']
23:13:31.658 INFO  manager.MyListener - The element with locator --->By.xpath: //*[text()=' Logout ']--->was found
