03:40:05.182 INFO  manager.ApplicationManager - All tests start in 'Chrome' browser
03:40:06.766 INFO  tests.TestBase - Name of test --->searchPeriodAnyData
03:40:06.772 INFO  manager.MyListener - Start find element --->By.id: city
03:40:06.816 INFO  manager.MyListener - The element with locator --->By.id: city--->was found
03:40:07.060 INFO  manager.MyListener - Start find element --->By.cssSelector: .pac-item
03:40:07.402 INFO  manager.MyListener - The element with locator --->By.cssSelector: .pac-item--->was found
03:40:07.496 INFO  manager.MyListener - Start find element --->By.cssSelector: .search-card
03:40:07.533 INFO  manager.MyListener - The element with locator --->By.cssSelector: .search-card--->was found
03:40:08.103 INFO  manager.MyListener - Start find element --->By.id: dates
03:40:08.135 INFO  manager.MyListener - The element with locator --->By.id: dates--->was found
03:40:08.285 INFO  manager.MyListener - Start find element --->By.xpath: //*[@aria-label='Next month']
03:40:08.317 INFO  manager.MyListener - The element with locator --->By.xpath: //*[@aria-label='Next month']--->was found
03:40:08.406 INFO  manager.MyListener - Start find element --->By.xpath: //div[text()=' 30 ']
03:40:08.441 INFO  manager.MyListener - The element with locator --->By.xpath: //div[text()=' 30 ']--->was found
03:40:08.537 INFO  manager.MyListener - Start find element --->By.xpath: //*[@aria-label='Next month']
03:40:08.567 INFO  manager.MyListener - The element with locator --->By.xpath: //*[@aria-label='Next month']--->was found
03:40:08.652 INFO  manager.MyListener - Start find element --->By.xpath: //*[@aria-label='Next month']
03:40:08.669 INFO  manager.MyListener - The element with locator --->By.xpath: //*[@aria-label='Next month']--->was found
03:40:08.738 INFO  manager.MyListener - Start find element --->By.xpath: //*[@aria-label='Next month']
03:40:08.765 INFO  manager.MyListener - The element with locator --->By.xpath: //*[@aria-label='Next month']--->was found
03:40:08.843 INFO  manager.MyListener - Start find element --->By.xpath: //div[text()=' 25 ']
03:40:08.876 INFO  manager.MyListener - The element with locator --->By.xpath: //div[text()=' 25 ']--->was found
03:40:15.992 INFO  manager.MyListener - Start find element --->By.cssSelector: [type='submit']
03:40:16.032 INFO  manager.MyListener - The element with locator --->By.cssSelector: [type='submit']--->was found
03:40:16.161 INFO  manager.MyListener - Start find element --->By.cssSelector: .search-results
03:40:16.200 INFO  manager.MyListener - The element with locator --->By.cssSelector: .search-results--->was found
03:40:21.224 INFO  manager.MyListener - Start find element --->By.cssSelector: [href='/search']
03:40:21.257 INFO  manager.MyListener - The element with locator --->By.cssSelector: [href='/search']--->was found
03:40:21.346 INFO  tests.TestBase - Name of test --->searchPeriodCurrentFromTodayForWeek
03:40:21.348 INFO  manager.MyListener - Start find element --->By.id: city
03:40:21.380 INFO  manager.MyListener - The element with locator --->By.id: city--->was found
03:40:21.662 INFO  manager.MyListener - Start find element --->By.cssSelector: .pac-item
03:40:21.744 INFO  manager.MyListener - The element with locator --->By.cssSelector: .pac-item--->was found
03:40:21.818 INFO  manager.MyListener - Start find element --->By.cssSelector: .search-card
03:40:21.845 INFO  manager.MyListener - The element with locator --->By.cssSelector: .search-card--->was found
03:40:22.422 INFO  manager.MyListener - Start find element --->By.id: dates
03:40:22.459 INFO  manager.MyListener - The element with locator --->By.id: dates--->was found
03:40:22.578 INFO  manager.MyListener - Start find element --->By.xpath: //div[text()=' 10 ']
03:40:22.616 INFO  manager.MyListener - The element with locator --->By.xpath: //div[text()=' 10 ']--->was found
03:40:23.737 INFO  manager.MyListener - Start find element --->By.xpath: //div[text()=' 17 ']
03:40:23.775 INFO  manager.MyListener - The element with locator --->By.xpath: //div[text()=' 17 ']--->was found
03:40:28.869 INFO  manager.MyListener - Start find element --->By.cssSelector: [type='submit']
03:40:28.908 INFO  manager.MyListener - The element with locator --->By.cssSelector: [type='submit']--->was found
03:40:29.046 INFO  manager.MyListener - Start find element --->By.cssSelector: .search-results
03:40:29.077 INFO  manager.MyListener - The element with locator --->By.cssSelector: .search-results--->was found
03:40:34.093 INFO  manager.MyListener - Start find element --->By.cssSelector: [href='/search']
03:40:34.123 INFO  manager.MyListener - The element with locator --->By.cssSelector: [href='/search']--->was found
03:40:34.225 INFO  tests.TestBase - Name of test --->searchPeriodCurrentMonth
03:40:34.227 INFO  manager.MyListener - Start find element --->By.id: city
03:40:34.248 INFO  manager.MyListener - The element with locator --->By.id: city--->was found
03:40:34.568 INFO  manager.MyListener - Start find element --->By.cssSelector: .pac-item
03:40:34.582 INFO  manager.MyListener - The element with locator --->By.cssSelector: .pac-item--->was found
03:40:39.634 INFO  manager.MyListener - We have a throwable --->element not interactable
  (Session info: chrome=97.0.4692.71)
Build info: version: '3.141.59', revision: 'e82be7d358', time: '2018-11-14T08:17:03'
System info: host: 'LAPTOP-KM2BH8Q8', ip: '10.0.0.10', os.name: 'Windows 10', os.arch: 'amd64', os.version: '10.0', java.version: '11.0.13'
Driver info: org.openqa.selenium.chrome.ChromeDriver
Capabilities {acceptInsecureCerts: false, browserName: chrome, browserVersion: 97.0.4692.71, chrome: {chromedriverVersion: 96.0.4664.45 (76e4c1bb2ab46..., userDataDir: C:\Users\bunal\AppData\Loca...}, goog:chromeOptions: {debuggerAddress: localhost:59603}, javascriptEnabled: true, networkConnectionEnabled: false, pageLoadStrategy: normal, platform: WINDOWS, platformName: WINDOWS, proxy: Proxy(), setWindowRect: true, strictFileInteractability: false, timeouts: {implicit: 0, pageLoad: 300000, script: 30000}, unhandledPromptBehavior: dismiss and notify, webauthn:extension:credBlob: true, webauthn:extension:largeBlob: true, webauthn:virtualAuthenticators: true}
Session ID: c2b6891ffd8469238f02a1cffa76f04e
03:40:39.635 INFO  manager.MyListener - org.openqa.selenium.ElementNotInteractableException: element not interactable
  (Session info: chrome=97.0.4692.71)
Build info: version: '3.141.59', revision: 'e82be7d358', time: '2018-11-14T08:17:03'
System info: host: 'LAPTOP-KM2BH8Q8', ip: '10.0.0.10', os.name: 'Windows 10', os.arch: 'amd64', os.version: '10.0', java.version: '11.0.13'
Driver info: org.openqa.selenium.chrome.ChromeDriver
Capabilities {acceptInsecureCerts: false, browserName: chrome, browserVersion: 97.0.4692.71, chrome: {chromedriverVersion: 96.0.4664.45 (76e4c1bb2ab46..., userDataDir: C:\Users\bunal\AppData\Loca...}, goog:chromeOptions: {debuggerAddress: localhost:59603}, javascriptEnabled: true, networkConnectionEnabled: false, pageLoadStrategy: normal, platform: WINDOWS, platformName: WINDOWS, proxy: Proxy(), setWindowRect: true, strictFileInteractability: false, timeouts: {implicit: 0, pageLoad: 300000, script: 30000}, unhandledPromptBehavior: dismiss and notify, webauthn:extension:credBlob: true, webauthn:extension:largeBlob: true, webauthn:virtualAuthenticators: true}
Session ID: c2b6891ffd8469238f02a1cffa76f04e
03:40:39.636 INFO  manager.MyListener - This is link of your screen -->src/test/screenshots/screen2439.png
03:40:45.571 INFO  manager.MyListener - Start find element --->By.cssSelector: [href='/search']
03:40:45.608 INFO  manager.MyListener - The element with locator --->By.cssSelector: [href='/search']--->was found
03:40:45.691 INFO  tests.TestBase - Name of test --->typePeriodInPast
03:40:45.692 INFO  manager.MyListener - Start find element --->By.id: city
03:40:45.732 INFO  manager.MyListener - The element with locator --->By.id: city--->was found
03:40:45.991 INFO  manager.MyListener - Start find element --->By.cssSelector: .pac-item
03:40:46.022 INFO  manager.MyListener - The element with locator --->By.cssSelector: .pac-item--->was found
03:40:51.063 INFO  manager.MyListener - We have a throwable --->element not interactable
  (Session info: chrome=97.0.4692.71)
Build info: version: '3.141.59', revision: 'e82be7d358', time: '2018-11-14T08:17:03'
System info: host: 'LAPTOP-KM2BH8Q8', ip: '10.0.0.10', os.name: 'Windows 10', os.arch: 'amd64', os.version: '10.0', java.version: '11.0.13'
Driver info: org.openqa.selenium.chrome.ChromeDriver
Capabilities {acceptInsecureCerts: false, browserName: chrome, browserVersion: 97.0.4692.71, chrome: {chromedriverVersion: 96.0.4664.45 (76e4c1bb2ab46..., userDataDir: C:\Users\bunal\AppData\Loca...}, goog:chromeOptions: {debuggerAddress: localhost:59603}, javascriptEnabled: true, networkConnectionEnabled: false, pageLoadStrategy: normal, platform: WINDOWS, platformName: WINDOWS, proxy: Proxy(), setWindowRect: true, strictFileInteractability: false, timeouts: {implicit: 0, pageLoad: 300000, script: 30000}, unhandledPromptBehavior: dismiss and notify, webauthn:extension:credBlob: true, webauthn:extension:largeBlob: true, webauthn:virtualAuthenticators: true}
Session ID: c2b6891ffd8469238f02a1cffa76f04e
03:40:51.065 INFO  manager.MyListener - org.openqa.selenium.ElementNotInteractableException: element not interactable
  (Session info: chrome=97.0.4692.71)
Build info: version: '3.141.59', revision: 'e82be7d358', time: '2018-11-14T08:17:03'
System info: host: 'LAPTOP-KM2BH8Q8', ip: '10.0.0.10', os.name: 'Windows 10', os.arch: 'amd64', os.version: '10.0', java.version: '11.0.13'
Driver info: org.openqa.selenium.chrome.ChromeDriver
Capabilities {acceptInsecureCerts: false, browserName: chrome, browserVersion: 97.0.4692.71, chrome: {chromedriverVersion: 96.0.4664.45 (76e4c1bb2ab46..., userDataDir: C:\Users\bunal\AppData\Loca...}, goog:chromeOptions: {debuggerAddress: localhost:59603}, javascriptEnabled: true, networkConnectionEnabled: false, pageLoadStrategy: normal, platform: WINDOWS, platformName: WINDOWS, proxy: Proxy(), setWindowRect: true, strictFileInteractability: false, timeouts: {implicit: 0, pageLoad: 300000, script: 30000}, unhandledPromptBehavior: dismiss and notify, webauthn:extension:credBlob: true, webauthn:extension:largeBlob: true, webauthn:virtualAuthenticators: true}
Session ID: c2b6891ffd8469238f02a1cffa76f04e
03:40:51.066 INFO  manager.MyListener - This is link of your screen -->src/test/screenshots/screen2451.png
03:40:57.026 INFO  manager.MyListener - Start find element --->By.cssSelector: [href='/search']
03:40:57.099 INFO  manager.MyListener - The element with locator --->By.cssSelector: [href='/search']--->was found
