03:51:11.048 INFO  manager.ApplicationManager - All tests start in 'Chrome' browser
03:51:12.583 INFO  tests.TestBase - Name of test --->addNewCarSuccess
03:51:17.602 INFO  manager.MyListener - Start find element --->By.xpath: //*[text()=' Logout ']
03:51:22.671 INFO  manager.MyListener - The element with locator --->By.xpath: //*[text()=' Logout ']--->was found
03:51:22.674 INFO  manager.MyListener - Start find element --->By.xpath: //a[text()=' Log in ']
03:51:22.711 INFO  manager.MyListener - The element with locator --->By.xpath: //a[text()=' Log in ']--->was found
03:51:22.846 INFO  manager.MyListener - Start find element --->By.id: email
03:51:22.879 INFO  manager.MyListener - The element with locator --->By.id: email--->was found
03:51:23.173 INFO  manager.MyListener - Start find element --->By.id: password
03:51:23.203 INFO  manager.MyListener - The element with locator --->By.id: password--->was found
03:51:23.416 INFO  manager.MyListener - Start find element --->By.cssSelector: [type='submit']
03:51:23.453 INFO  manager.MyListener - The element with locator --->By.cssSelector: [type='submit']--->was found
03:51:28.558 INFO  manager.MyListener - Start find element --->By.xpath: //div[@class='dialog-container']
03:51:28.587 INFO  manager.MyListener - The element with locator --->By.xpath: //div[@class='dialog-container']--->was found
03:51:28.588 INFO  manager.MyListener - Start find element --->By.xpath: //*[text()='Ok']
03:51:28.616 INFO  manager.MyListener - The element with locator --->By.xpath: //*[text()='Ok']--->was found
03:51:28.732 INFO  tests.TestBase - Car was added for userUser{name='null', lastName='null', email='tvistermister220@gmail.com', password='Jj12345$'}
03:51:28.833 INFO  tests.TestBase - Car was addedCar(address=Tel Aviv, Israel, make=BMW, model=M5, year=2020, engine=2.5, fuel=Petrol, gear=MT, wD=AWD, doors=5, seats=4, clasS=C, fuelConsumption=6.5, carRegNumber=102-33-3088, price=65, distanceIncluded=500, features=type of, about=Very good car)
03:51:33.846 INFO  manager.MyListener - Start find element --->By.cssSelector: [href='/let-car-work']
03:51:33.947 INFO  manager.MyListener - The element with locator --->By.cssSelector: [href='/let-car-work']--->was found
03:51:34.096 INFO  manager.MyListener - Start find element --->By.id: pickUpPlace
03:51:34.127 INFO  manager.MyListener - The element with locator --->By.id: pickUpPlace--->was found
03:51:34.310 INFO  manager.MyListener - Start find element --->By.id: pickUpPlace
03:51:34.337 INFO  manager.MyListener - The element with locator --->By.id: pickUpPlace--->was found
03:51:34.779 INFO  manager.MyListener - Start find element --->By.id: make
03:51:34.806 INFO  manager.MyListener - The element with locator --->By.id: make--->was found
03:51:34.974 INFO  manager.MyListener - Start find element --->By.id: model
03:51:34.995 INFO  manager.MyListener - The element with locator --->By.id: model--->was found
03:51:35.170 INFO  manager.MyListener - Start find element --->By.id: year
03:51:35.199 INFO  manager.MyListener - The element with locator --->By.id: year--->was found
03:51:35.470 INFO  manager.MyListener - Start find element --->By.id: engine
03:51:35.508 INFO  manager.MyListener - The element with locator --->By.id: engine--->was found
03:51:35.743 INFO  manager.MyListener - Start find element --->By.id: fuel
03:51:35.782 INFO  manager.MyListener - The element with locator --->By.id: fuel--->was found
03:51:35.841 INFO  manager.MyListener - Start find element --->By.xpath: .//option[@value = "Petrol"]
03:51:35.880 INFO  manager.MyListener - The element with locator --->By.xpath: .//option[@value = "Petrol"]--->was found
03:51:35.956 INFO  manager.MyListener - Start find element --->By.id: gear
03:51:35.987 INFO  manager.MyListener - The element with locator --->By.id: gear--->was found
03:51:36.044 INFO  manager.MyListener - Start find element --->By.xpath: .//option[@value = "MT"]
03:51:36.080 INFO  manager.MyListener - The element with locator --->By.xpath: .//option[@value = "MT"]--->was found
03:51:36.148 INFO  manager.MyListener - Start find element --->By.id: wheelsDrive
03:51:36.187 INFO  manager.MyListener - The element with locator --->By.id: wheelsDrive--->was found
03:51:36.223 INFO  manager.MyListener - Start find element --->By.xpath: .//option[@value = "AWD"]
03:51:36.264 INFO  manager.MyListener - The element with locator --->By.xpath: .//option[@value = "AWD"]--->was found
03:51:36.349 INFO  manager.MyListener - Start find element --->By.id: doors
03:51:36.387 INFO  manager.MyListener - The element with locator --->By.id: doors--->was found
03:51:36.650 INFO  manager.MyListener - Start find element --->By.id: seats
03:51:36.687 INFO  manager.MyListener - The element with locator --->By.id: seats--->was found
03:51:36.939 INFO  manager.MyListener - Start find element --->By.id: class
03:51:36.975 INFO  manager.MyListener - The element with locator --->By.id: class--->was found
03:51:37.213 INFO  manager.MyListener - Start find element --->By.id: fuelConsumption
03:51:37.240 INFO  manager.MyListener - The element with locator --->By.id: fuelConsumption--->was found
03:51:37.486 INFO  manager.MyListener - Start find element --->By.id: serialNumber
03:51:37.563 INFO  manager.MyListener - The element with locator --->By.id: serialNumber--->was found
03:51:37.889 INFO  manager.MyListener - Start find element --->By.id: price
03:51:37.918 INFO  manager.MyListener - The element with locator --->By.id: price--->was found
03:51:38.200 INFO  manager.MyListener - Start find element --->By.id: distance
03:51:38.231 INFO  manager.MyListener - The element with locator --->By.id: distance--->was found
03:51:38.479 INFO  manager.MyListener - Start find element --->By.cssSelector: .feature-input
03:51:38.509 INFO  manager.MyListener - The element with locator --->By.cssSelector: .feature-input--->was found
03:51:38.693 INFO  manager.MyListener - Start find element --->By.id: about
03:51:38.719 INFO  manager.MyListener - The element with locator --->By.id: about--->was found
03:51:38.930 INFO  manager.MyListener - Start find element --->By.id: photos
03:51:38.959 INFO  manager.MyListener - The element with locator --->By.id: photos--->was found
03:51:39.047 INFO  manager.MyListener - Start find element --->By.xpath: //button[text()='Submit']
03:51:39.083 INFO  manager.MyListener - The element with locator --->By.xpath: //button[text()='Submit']--->was found
03:52:00.366 INFO  manager.MyListener - Start find element --->By.xpath: //button[text()='Submit']
03:52:00.403 INFO  manager.MyListener - The element with locator --->By.xpath: //button[text()='Submit']--->was found
03:52:00.481 INFO  manager.MyListener - Start find element --->By.cssSelector: div.dialog-container
03:52:01.644 INFO  manager.MyListener - The element with locator --->By.cssSelector: div.dialog-container--->was found
03:52:01.690 INFO  manager.MyListener - Start find element --->By.cssSelector: div.dialog-container h1
03:52:01.724 INFO  manager.MyListener - The element with locator --->By.cssSelector: div.dialog-container h1--->was found
03:52:01.763 INFO  manager.MyListener - Start find element --->By.xpath: //button[text()='Search cars']
03:52:01.803 INFO  manager.MyListener - The element with locator --->By.xpath: //button[text()='Search cars']--->was found
03:52:01.871 INFO  manager.MyListener - Start find element --->By.xpath: //*[text()=' Logout ']
03:52:01.911 INFO  manager.MyListener - The element with locator --->By.xpath: //*[text()=' Logout ']--->was found
03:52:02.086 INFO  tests.TestBase - Name of test --->addNewCarSuccess2
03:52:07.102 INFO  manager.MyListener - Start find element --->By.xpath: //*[text()=' Logout ']
03:52:12.134 INFO  manager.MyListener - The element with locator --->By.xpath: //*[text()=' Logout ']--->was found
03:52:12.135 INFO  manager.MyListener - Start find element --->By.xpath: //a[text()=' Log in ']
03:52:12.173 INFO  manager.MyListener - The element with locator --->By.xpath: //a[text()=' Log in ']--->was found
03:52:12.256 INFO  manager.MyListener - Start find element --->By.id: email
03:52:12.279 INFO  manager.MyListener - The element with locator --->By.id: email--->was found
03:52:12.556 INFO  manager.MyListener - Start find element --->By.id: password
03:52:12.589 INFO  manager.MyListener - The element with locator --->By.id: password--->was found
03:52:12.808 INFO  manager.MyListener - Start find element --->By.cssSelector: [type='submit']
03:52:12.838 INFO  manager.MyListener - The element with locator --->By.cssSelector: [type='submit']--->was found
03:52:17.932 INFO  manager.MyListener - Start find element --->By.xpath: //div[@class='dialog-container']
03:52:17.968 INFO  manager.MyListener - The element with locator --->By.xpath: //div[@class='dialog-container']--->was found
03:52:17.969 INFO  manager.MyListener - Start find element --->By.xpath: //*[text()='Ok']
03:52:18.006 INFO  manager.MyListener - The element with locator --->By.xpath: //*[text()='Ok']--->was found
03:52:18.070 INFO  tests.TestBase - Car was added for userUser{name='null', lastName='null', email='tvistermister220@gmail.com', password='Jj12345$'}
03:52:18.072 INFO  tests.TestBase - Car was addedCar(address=Rehovot, Israel, make=BMW, model=M5, year=2020, engine=2.5, fuel=Petrol, gear=MT, wD=AWD, doors=5, seats=4, clasS=C, fuelConsumption=6.5, carRegNumber=102-33-3138, price=65, distanceIncluded=500, features=type of, about=Very good car)
03:52:23.086 INFO  manager.MyListener - Start find element --->By.cssSelector: [href='/let-car-work']
03:52:23.122 INFO  manager.MyListener - The element with locator --->By.cssSelector: [href='/let-car-work']--->was found
03:52:23.238 INFO  manager.MyListener - Start find element --->By.id: pickUpPlace
03:52:23.262 INFO  manager.MyListener - The element with locator --->By.id: pickUpPlace--->was found
03:52:23.529 INFO  manager.MyListener - Start find element --->By.id: pickUpPlace
03:52:23.550 INFO  manager.MyListener - The element with locator --->By.id: pickUpPlace--->was found
03:52:23.971 INFO  manager.MyListener - Start find element --->By.id: make
03:52:23.997 INFO  manager.MyListener - The element with locator --->By.id: make--->was found
03:52:24.206 INFO  manager.MyListener - Start find element --->By.id: model
03:52:24.247 INFO  manager.MyListener - The element with locator --->By.id: model--->was found
03:52:24.469 INFO  manager.MyListener - Start find element --->By.id: year
03:52:24.495 INFO  manager.MyListener - The element with locator --->By.id: year--->was found
03:52:24.766 INFO  manager.MyListener - Start find element --->By.id: engine
03:52:24.805 INFO  manager.MyListener - The element with locator --->By.id: engine--->was found
03:52:25.020 INFO  manager.MyListener - Start find element --->By.id: fuel
03:52:25.066 INFO  manager.MyListener - The element with locator --->By.id: fuel--->was found
03:52:25.108 INFO  manager.MyListener - Start find element --->By.xpath: .//option[@value = "Petrol"]
03:52:25.151 INFO  manager.MyListener - The element with locator --->By.xpath: .//option[@value = "Petrol"]--->was found
03:52:25.234 INFO  manager.MyListener - Start find element --->By.id: gear
03:52:25.271 INFO  manager.MyListener - The element with locator --->By.id: gear--->was found
03:52:25.310 INFO  manager.MyListener - Start find element --->By.xpath: .//option[@value = "MT"]
03:52:25.352 INFO  manager.MyListener - The element with locator --->By.xpath: .//option[@value = "MT"]--->was found
03:52:25.429 INFO  manager.MyListener - Start find element --->By.id: wheelsDrive
03:52:25.452 INFO  manager.MyListener - The element with locator --->By.id: wheelsDrive--->was found
03:52:25.492 INFO  manager.MyListener - Start find element --->By.xpath: .//option[@value = "AWD"]
03:52:25.519 INFO  manager.MyListener - The element with locator --->By.xpath: .//option[@value = "AWD"]--->was found
03:52:25.590 INFO  manager.MyListener - Start find element --->By.id: doors
03:52:25.627 INFO  manager.MyListener - The element with locator --->By.id: doors--->was found
03:52:25.898 INFO  manager.MyListener - Start find element --->By.id: seats
03:52:25.939 INFO  manager.MyListener - The element with locator --->By.id: seats--->was found
03:52:26.170 INFO  manager.MyListener - Start find element --->By.id: class
03:52:26.205 INFO  manager.MyListener - The element with locator --->By.id: class--->was found
03:52:26.408 INFO  manager.MyListener - Start find element --->By.id: fuelConsumption
03:52:26.438 INFO  manager.MyListener - The element with locator --->By.id: fuelConsumption--->was found
03:52:26.664 INFO  manager.MyListener - Start find element --->By.id: serialNumber
03:52:26.702 INFO  manager.MyListener - The element with locator --->By.id: serialNumber--->was found
03:52:26.948 INFO  manager.MyListener - Start find element --->By.id: price
03:52:26.982 INFO  manager.MyListener - The element with locator --->By.id: price--->was found
03:52:27.245 INFO  manager.MyListener - Start find element --->By.id: distance
03:52:27.276 INFO  manager.MyListener - The element with locator --->By.id: distance--->was found
03:52:27.544 INFO  manager.MyListener - Start find element --->By.cssSelector: .feature-input
03:52:27.570 INFO  manager.MyListener - The element with locator --->By.cssSelector: .feature-input--->was found
03:52:27.806 INFO  manager.MyListener - Start find element --->By.id: about
03:52:27.835 INFO  manager.MyListener - The element with locator --->By.id: about--->was found
03:52:28.038 INFO  manager.MyListener - Start find element --->By.id: photos
03:52:28.067 INFO  manager.MyListener - The element with locator --->By.id: photos--->was found
03:52:28.146 INFO  manager.MyListener - Start find element --->By.xpath: //button[text()='Submit']
03:52:28.178 INFO  manager.MyListener - The element with locator --->By.xpath: //button[text()='Submit']--->was found
03:52:29.946 INFO  manager.MyListener - Start find element --->By.xpath: //button[text()='Submit']
03:52:29.975 INFO  manager.MyListener - The element with locator --->By.xpath: //button[text()='Submit']--->was found
03:52:30.068 INFO  manager.MyListener - Start find element --->By.cssSelector: div.dialog-container
03:52:31.106 INFO  manager.MyListener - The element with locator --->By.cssSelector: div.dialog-container--->was found
03:52:31.149 INFO  manager.MyListener - Start find element --->By.cssSelector: div.dialog-container h1
03:52:31.180 INFO  manager.MyListener - The element with locator --->By.cssSelector: div.dialog-container h1--->was found
03:52:31.210 INFO  manager.MyListener - Start find element --->By.xpath: //button[text()='Search cars']
03:52:31.244 INFO  manager.MyListener - The element with locator --->By.xpath: //button[text()='Search cars']--->was found
03:52:31.317 INFO  manager.MyListener - Start find element --->By.xpath: //*[text()=' Logout ']
03:52:31.349 INFO  manager.MyListener - The element with locator --->By.xpath: //*[text()=' Logout ']--->was found
03:52:31.529 INFO  tests.TestBase - Name of test --->loginSuccess
03:52:36.532 INFO  manager.MyListener - Start find element --->By.xpath: //*[text()=' Logout ']
03:52:41.587 INFO  manager.MyListener - The element with locator --->By.xpath: //*[text()=' Logout ']--->was found
03:52:41.589 INFO  tests.TestBase - The test starts with email lenastep@gmail.com, password: 12345nnnN
03:52:41.590 INFO  manager.MyListener - Start find element --->By.xpath: //a[text()=' Log in ']
03:52:41.632 INFO  manager.MyListener - The element with locator --->By.xpath: //a[text()=' Log in ']--->was found
03:52:41.733 INFO  manager.MyListener - Start find element --->By.id: email
03:52:41.767 INFO  manager.MyListener - The element with locator --->By.id: email--->was found
03:52:42.026 INFO  manager.MyListener - Start find element --->By.id: password
03:52:42.047 INFO  manager.MyListener - The element with locator --->By.id: password--->was found
03:52:42.275 INFO  manager.MyListener - Start find element --->By.cssSelector: [type='submit']
03:52:42.316 INFO  manager.MyListener - The element with locator --->By.cssSelector: [type='submit']--->was found
03:52:42.415 INFO  manager.MyListener - Start find element --->By.xpath: //div[@class='dialog-container']
03:52:42.767 INFO  manager.MyListener - The element with locator --->By.xpath: //div[@class='dialog-container']--->was found
03:52:42.767 INFO  manager.MyListener - Start find element --->By.xpath: //*[text()='Ok']
03:52:42.789 INFO  manager.MyListener - The element with locator --->By.xpath: //*[text()='Ok']--->was found
03:52:42.875 INFO  tests.TestBase - Name of test --->loginSuccessModel
03:52:47.885 INFO  manager.MyListener - Start find element --->By.xpath: //*[text()=' Logout ']
03:52:47.917 INFO  manager.MyListener - The element with locator --->By.xpath: //*[text()=' Logout ']--->was found
03:52:47.918 INFO  manager.MyListener - Start find element --->By.xpath: //*[text()=' Logout ']
03:52:47.954 INFO  manager.MyListener - The element with locator --->By.xpath: //*[text()=' Logout ']--->was found
03:52:48.058 INFO  tests.TestBase - The tests start with data: User{name='null', lastName='null', email='lenastep@gmail.com', password='12345nnnN'}
03:52:48.059 INFO  manager.MyListener - Start find element --->By.xpath: //a[text()=' Log in ']
03:52:48.087 INFO  manager.MyListener - The element with locator --->By.xpath: //a[text()=' Log in ']--->was found
03:52:48.189 INFO  manager.MyListener - Start find element --->By.id: email
03:52:48.216 INFO  manager.MyListener - The element with locator --->By.id: email--->was found
03:52:48.445 INFO  manager.MyListener - Start find element --->By.id: password
03:52:48.458 INFO  manager.MyListener - The element with locator --->By.id: password--->was found
03:52:48.676 INFO  manager.MyListener - Start find element --->By.cssSelector: [type='submit']
03:52:48.699 INFO  manager.MyListener - The element with locator --->By.cssSelector: [type='submit']--->was found
03:52:49.686 INFO  manager.MyListener - Start find element --->By.xpath: //div[@class='dialog-container']
03:52:49.709 INFO  manager.MyListener - The element with locator --->By.xpath: //div[@class='dialog-container']--->was found
03:52:49.709 INFO  manager.MyListener - Start find element --->By.xpath: //*[text()='Ok']
03:52:49.738 INFO  manager.MyListener - The element with locator --->By.xpath: //*[text()='Ok']--->was found
03:52:49.801 INFO  tests.TestBase - Name of test --->registrationSuccess
03:52:54.813 INFO  manager.MyListener - Start find element --->By.xpath: //*[text()=' Logout ']
03:52:54.842 INFO  manager.MyListener - The element with locator --->By.xpath: //*[text()=' Logout ']--->was found
03:52:54.844 INFO  manager.MyListener - Start find element --->By.xpath: //*[text()=' Logout ']
03:52:54.874 INFO  manager.MyListener - The element with locator --->By.xpath: //*[text()=' Logout ']--->was found
03:52:54.976 INFO  manager.MyListener - Start find element --->By.xpath: //a[text()=' Sign up ']
03:52:55.000 INFO  manager.MyListener - The element with locator --->By.xpath: //a[text()=' Sign up ']--->was found
03:52:55.125 INFO  manager.MyListener - Start find element --->By.tagName: form
03:52:55.156 INFO  manager.MyListener - The element with locator --->By.tagName: form--->was found
03:52:55.212 INFO  manager.MyListener - Start find element --->By.id: name
03:52:55.235 INFO  manager.MyListener - The element with locator --->By.id: name--->was found
03:52:55.460 INFO  manager.MyListener - Start find element --->By.cssSelector: #lastName
03:52:55.502 INFO  manager.MyListener - The element with locator --->By.cssSelector: #lastName--->was found
03:52:55.727 INFO  manager.MyListener - Start find element --->By.id: email
03:52:55.756 INFO  manager.MyListener - The element with locator --->By.id: email--->was found
03:52:56.020 INFO  manager.MyListener - Start find element --->By.cssSelector: #password
03:52:56.055 INFO  manager.MyListener - The element with locator --->By.cssSelector: #password--->was found
03:52:56.290 INFO  manager.MyListener - Start find element --->By.cssSelector: label[for='terms-of-use']
03:52:56.324 INFO  manager.MyListener - The element with locator --->By.cssSelector: label[for='terms-of-use']--->was found
03:52:56.755 INFO  manager.MyListener - Start find element --->By.cssSelector: [type='submit']
03:52:56.783 INFO  manager.MyListener - The element with locator --->By.cssSelector: [type='submit']--->was found
03:53:01.865 INFO  manager.MyListener - Start find element --->By.cssSelector: .dialog-container
03:53:01.900 INFO  manager.MyListener - The element with locator --->By.cssSelector: .dialog-container--->was found
03:53:01.939 INFO  manager.MyListener - Start find element --->By.cssSelector: h2.message
03:53:01.962 INFO  manager.MyListener - The element with locator --->By.cssSelector: h2.message--->was found
03:53:01.985 INFO  manager.MyListener - Start find element --->By.xpath: //div[@class='dialog-container']
03:53:01.998 INFO  manager.MyListener - The element with locator --->By.xpath: //div[@class='dialog-container']--->was found
03:53:01.998 INFO  manager.MyListener - Start find element --->By.xpath: //*[text()='Ok']
03:53:02.017 INFO  manager.MyListener - The element with locator --->By.xpath: //*[text()='Ok']--->was found
03:53:02.088 INFO  tests.TestBase - Name of test --->registrationSuccessModel
03:53:07.097 INFO  manager.MyListener - Start find element --->By.xpath: //*[text()=' Logout ']
03:53:07.125 INFO  manager.MyListener - The element with locator --->By.xpath: //*[text()=' Logout ']--->was found
03:53:07.126 INFO  manager.MyListener - Start find element --->By.xpath: //*[text()=' Logout ']
03:53:07.155 INFO  manager.MyListener - The element with locator --->By.xpath: //*[text()=' Logout ']--->was found
03:53:07.271 INFO  manager.MyListener - Start find element --->By.xpath: //a[text()=' Sign up ']
03:53:07.298 INFO  manager.MyListener - The element with locator --->By.xpath: //a[text()=' Sign up ']--->was found
03:53:07.400 INFO  manager.MyListener - Start find element --->By.tagName: form
03:53:07.419 INFO  manager.MyListener - The element with locator --->By.tagName: form--->was found
03:53:07.456 INFO  manager.MyListener - Start find element --->By.id: name
03:53:07.479 INFO  manager.MyListener - The element with locator --->By.id: name--->was found
03:53:07.697 INFO  manager.MyListener - Start find element --->By.cssSelector: #lastName
03:53:07.715 INFO  manager.MyListener - The element with locator --->By.cssSelector: #lastName--->was found
03:53:07.944 INFO  manager.MyListener - Start find element --->By.id: email
03:53:07.964 INFO  manager.MyListener - The element with locator --->By.id: email--->was found
03:53:08.267 INFO  manager.MyListener - Start find element --->By.cssSelector: #password
03:53:08.288 INFO  manager.MyListener - The element with locator --->By.cssSelector: #password--->was found
03:53:08.495 INFO  manager.MyListener - Start find element --->By.id: terms-of-use
03:53:08.526 INFO  manager.MyListener - The element with locator --->By.id: terms-of-use--->was found
03:53:08.541 INFO  manager.MyListener - Start find element --->By.cssSelector: label[for='terms-of-use']
03:53:08.565 INFO  manager.MyListener - The element with locator --->By.cssSelector: label[for='terms-of-use']--->was found
03:53:08.633 INFO  manager.MyListener - Start find element --->By.cssSelector: [type='submit']
03:53:08.665 INFO  manager.MyListener - The element with locator --->By.cssSelector: [type='submit']--->was found
03:53:08.747 INFO  manager.MyListener - Start find element --->By.cssSelector: .dialog-container
03:53:09.074 INFO  manager.MyListener - The element with locator --->By.cssSelector: .dialog-container--->was found
03:53:09.114 INFO  manager.MyListener - Start find element --->By.cssSelector: h2.message
03:53:09.142 INFO  manager.MyListener - The element with locator --->By.cssSelector: h2.message--->was found
03:53:09.170 INFO  manager.MyListener - Start find element --->By.xpath: //div[@class='dialog-container']
03:53:09.198 INFO  manager.MyListener - The element with locator --->By.xpath: //div[@class='dialog-container']--->was found
03:53:09.198 INFO  manager.MyListener - Start find element --->By.xpath: //*[text()='Ok']
03:53:09.214 INFO  manager.MyListener - The element with locator --->By.xpath: //*[text()='Ok']--->was found
03:53:09.285 INFO  tests.TestBase - Name of test --->searchPeriodAnyData
03:53:09.286 INFO  manager.MyListener - Start find element --->By.id: city
03:53:09.408 INFO  manager.MyListener - The element with locator --->By.id: city--->was found
03:53:09.803 INFO  manager.MyListener - Start find element --->By.cssSelector: .pac-item
03:53:10.279 INFO  manager.MyListener - The element with locator --->By.cssSelector: .pac-item--->was found
03:53:10.859 INFO  manager.MyListener - Start find element --->By.cssSelector: .search-card
03:53:10.898 INFO  manager.MyListener - The element with locator --->By.cssSelector: .search-card--->was found
03:53:10.972 INFO  manager.MyListener - Start find element --->By.id: dates
03:53:11.002 INFO  manager.MyListener - The element with locator --->By.id: dates--->was found
03:53:11.171 INFO  manager.MyListener - Start find element --->By.xpath: //*[@aria-label='Next month']
03:53:11.200 INFO  manager.MyListener - The element with locator --->By.xpath: //*[@aria-label='Next month']--->was found
03:53:11.309 INFO  manager.MyListener - Start find element --->By.xpath: //div[text()=' 30 ']
03:53:11.346 INFO  manager.MyListener - The element with locator --->By.xpath: //div[text()=' 30 ']--->was found
03:53:11.476 INFO  manager.MyListener - Start find element --->By.xpath: //*[@aria-label='Next month']
03:53:11.498 INFO  manager.MyListener - The element with locator --->By.xpath: //*[@aria-label='Next month']--->was found
03:53:11.586 INFO  manager.MyListener - Start find element --->By.xpath: //*[@aria-label='Next month']
03:53:11.616 INFO  manager.MyListener - The element with locator --->By.xpath: //*[@aria-label='Next month']--->was found
03:53:11.704 INFO  manager.MyListener - Start find element --->By.xpath: //*[@aria-label='Next month']
03:53:11.722 INFO  manager.MyListener - The element with locator --->By.xpath: //*[@aria-label='Next month']--->was found
03:53:11.795 INFO  manager.MyListener - Start find element --->By.xpath: //div[text()=' 25 ']
03:53:11.823 INFO  manager.MyListener - The element with locator --->By.xpath: //div[text()=' 25 ']--->was found
03:53:18.928 INFO  manager.MyListener - Start find element --->By.cssSelector: [type='submit']
03:53:18.956 INFO  manager.MyListener - The element with locator --->By.cssSelector: [type='submit']--->was found
03:53:19.082 INFO  manager.MyListener - Start find element --->By.cssSelector: .search-results
03:53:19.107 INFO  manager.MyListener - The element with locator --->By.cssSelector: .search-results--->was found
03:53:24.111 INFO  manager.MyListener - Start find element --->By.cssSelector: [href='/search']
03:53:24.148 INFO  manager.MyListener - The element with locator --->By.cssSelector: [href='/search']--->was found
03:53:24.262 INFO  tests.TestBase - Name of test --->searchPeriodCurrentFromTodayForWeek
03:53:24.263 INFO  manager.MyListener - Start find element --->By.id: city
03:53:24.302 INFO  manager.MyListener - The element with locator --->By.id: city--->was found
03:53:24.580 INFO  manager.MyListener - Start find element --->By.cssSelector: .pac-item
03:53:24.607 INFO  manager.MyListener - The element with locator --->By.cssSelector: .pac-item--->was found
03:53:25.200 INFO  manager.MyListener - Start find element --->By.cssSelector: .search-card
03:53:25.236 INFO  manager.MyListener - The element with locator --->By.cssSelector: .search-card--->was found
03:53:25.306 INFO  manager.MyListener - Start find element --->By.id: dates
03:53:25.331 INFO  manager.MyListener - The element with locator --->By.id: dates--->was found
03:53:25.458 INFO  manager.MyListener - Start find element --->By.xpath: //div[text()=' 10 ']
03:53:25.481 INFO  manager.MyListener - The element with locator --->By.xpath: //div[text()=' 10 ']--->was found
03:53:26.596 INFO  manager.MyListener - Start find element --->By.xpath: //div[text()=' 17 ']
03:53:26.635 INFO  manager.MyListener - The element with locator --->By.xpath: //div[text()=' 17 ']--->was found
03:53:31.731 INFO  manager.MyListener - Start find element --->By.cssSelector: [type='submit']
03:53:31.768 INFO  manager.MyListener - The element with locator --->By.cssSelector: [type='submit']--->was found
03:53:31.905 INFO  manager.MyListener - Start find element --->By.cssSelector: .search-results
03:53:31.939 INFO  manager.MyListener - The element with locator --->By.cssSelector: .search-results--->was found
03:53:36.956 INFO  manager.MyListener - Start find element --->By.cssSelector: [href='/search']
03:53:36.985 INFO  manager.MyListener - The element with locator --->By.cssSelector: [href='/search']--->was found
03:53:37.082 INFO  tests.TestBase - Name of test --->searchPeriodCurrentMonth
03:53:37.083 INFO  manager.MyListener - Start find element --->By.id: city
03:53:37.114 INFO  manager.MyListener - The element with locator --->By.id: city--->was found
03:53:37.399 INFO  manager.MyListener - Start find element --->By.cssSelector: .pac-item
03:53:37.416 INFO  manager.MyListener - The element with locator --->By.cssSelector: .pac-item--->was found
03:53:42.472 INFO  manager.MyListener - We have a throwable --->element not interactable
  (Session info: chrome=97.0.4692.71)
Build info: version: '3.141.59', revision: 'e82be7d358', time: '2018-11-14T08:17:03'
System info: host: 'LAPTOP-KM2BH8Q8', ip: '10.0.0.10', os.name: 'Windows 10', os.arch: 'amd64', os.version: '10.0', java.version: '11.0.13'
Driver info: org.openqa.selenium.chrome.ChromeDriver
Capabilities {acceptInsecureCerts: false, browserName: chrome, browserVersion: 97.0.4692.71, chrome: {chromedriverVersion: 96.0.4664.45 (76e4c1bb2ab46..., userDataDir: C:\Users\bunal\AppData\Loca...}, goog:chromeOptions: {debuggerAddress: localhost:58558}, javascriptEnabled: true, networkConnectionEnabled: false, pageLoadStrategy: normal, platform: WINDOWS, platformName: WINDOWS, proxy: Proxy(), setWindowRect: true, strictFileInteractability: false, timeouts: {implicit: 0, pageLoad: 300000, script: 30000}, unhandledPromptBehavior: dismiss and notify, webauthn:extension:credBlob: true, webauthn:extension:largeBlob: true, webauthn:virtualAuthenticators: true}
Session ID: db6c460f2221a39251e10de4d4dbc36f
03:53:42.473 INFO  manager.MyListener - org.openqa.selenium.ElementNotInteractableException: element not interactable
  (Session info: chrome=97.0.4692.71)
Build info: version: '3.141.59', revision: 'e82be7d358', time: '2018-11-14T08:17:03'
System info: host: 'LAPTOP-KM2BH8Q8', ip: '10.0.0.10', os.name: 'Windows 10', os.arch: 'amd64', os.version: '10.0', java.version: '11.0.13'
Driver info: org.openqa.selenium.chrome.ChromeDriver
Capabilities {acceptInsecureCerts: false, browserName: chrome, browserVersion: 97.0.4692.71, chrome: {chromedriverVersion: 96.0.4664.45 (76e4c1bb2ab46..., userDataDir: C:\Users\bunal\AppData\Loca...}, goog:chromeOptions: {debuggerAddress: localhost:58558}, javascriptEnabled: true, networkConnectionEnabled: false, pageLoadStrategy: normal, platform: WINDOWS, platformName: WINDOWS, proxy: Proxy(), setWindowRect: true, strictFileInteractability: false, timeouts: {implicit: 0, pageLoad: 300000, script: 30000}, unhandledPromptBehavior: dismiss and notify, webauthn:extension:credBlob: true, webauthn:extension:largeBlob: true, webauthn:virtualAuthenticators: true}
Session ID: db6c460f2221a39251e10de4d4dbc36f
03:53:42.474 INFO  manager.MyListener - This is link of your screen -->src/test/screenshots/screen3222.png
03:53:48.268 INFO  manager.MyListener - Start find element --->By.cssSelector: [href='/search']
03:53:48.298 INFO  manager.MyListener - The element with locator --->By.cssSelector: [href='/search']--->was found
03:53:48.386 INFO  tests.TestBase - Name of test --->typePeriodInPast
03:53:48.388 INFO  manager.MyListener - Start find element --->By.id: city
03:53:48.419 INFO  manager.MyListener - The element with locator --->By.id: city--->was found
03:53:48.649 INFO  manager.MyListener - Start find element --->By.cssSelector: .pac-item
03:53:48.670 INFO  manager.MyListener - The element with locator --->By.cssSelector: .pac-item--->was found
03:53:53.757 INFO  manager.MyListener - We have a throwable --->element not interactable
  (Session info: chrome=97.0.4692.71)
Build info: version: '3.141.59', revision: 'e82be7d358', time: '2018-11-14T08:17:03'
System info: host: 'LAPTOP-KM2BH8Q8', ip: '10.0.0.10', os.name: 'Windows 10', os.arch: 'amd64', os.version: '10.0', java.version: '11.0.13'
Driver info: org.openqa.selenium.chrome.ChromeDriver
Capabilities {acceptInsecureCerts: false, browserName: chrome, browserVersion: 97.0.4692.71, chrome: {chromedriverVersion: 96.0.4664.45 (76e4c1bb2ab46..., userDataDir: C:\Users\bunal\AppData\Loca...}, goog:chromeOptions: {debuggerAddress: localhost:58558}, javascriptEnabled: true, networkConnectionEnabled: false, pageLoadStrategy: normal, platform: WINDOWS, platformName: WINDOWS, proxy: Proxy(), setWindowRect: true, strictFileInteractability: false, timeouts: {implicit: 0, pageLoad: 300000, script: 30000}, unhandledPromptBehavior: dismiss and notify, webauthn:extension:credBlob: true, webauthn:extension:largeBlob: true, webauthn:virtualAuthenticators: true}
Session ID: db6c460f2221a39251e10de4d4dbc36f
03:53:53.758 INFO  manager.MyListener - org.openqa.selenium.ElementNotInteractableException: element not interactable
  (Session info: chrome=97.0.4692.71)
Build info: version: '3.141.59', revision: 'e82be7d358', time: '2018-11-14T08:17:03'
System info: host: 'LAPTOP-KM2BH8Q8', ip: '10.0.0.10', os.name: 'Windows 10', os.arch: 'amd64', os.version: '10.0', java.version: '11.0.13'
Driver info: org.openqa.selenium.chrome.ChromeDriver
Capabilities {acceptInsecureCerts: false, browserName: chrome, browserVersion: 97.0.4692.71, chrome: {chromedriverVersion: 96.0.4664.45 (76e4c1bb2ab46..., userDataDir: C:\Users\bunal\AppData\Loca...}, goog:chromeOptions: {debuggerAddress: localhost:58558}, javascriptEnabled: true, networkConnectionEnabled: false, pageLoadStrategy: normal, platform: WINDOWS, platformName: WINDOWS, proxy: Proxy(), setWindowRect: true, strictFileInteractability: false, timeouts: {implicit: 0, pageLoad: 300000, script: 30000}, unhandledPromptBehavior: dismiss and notify, webauthn:extension:credBlob: true, webauthn:extension:largeBlob: true, webauthn:virtualAuthenticators: true}
Session ID: db6c460f2221a39251e10de4d4dbc36f
03:53:53.759 INFO  manager.MyListener - This is link of your screen -->src/test/screenshots/screen3233.png
03:53:59.572 INFO  manager.MyListener - Start find element --->By.cssSelector: [href='/search']
03:53:59.601 INFO  manager.MyListener - The element with locator --->By.cssSelector: [href='/search']--->was found
