03:23:27.315 INFO  manager.ApplicationManager - All tests start in 'Chrome' browser
03:23:29.016 INFO  tests.TestBase - Name of test --->searchPeriodCurrentMonth
03:23:29.024 INFO  manager.MyListener - Start find element --->By.id: city
03:23:29.059 INFO  manager.MyListener - The element with locator --->By.id: city--->was found
03:23:29.258 INFO  manager.MyListener - Start find element --->By.cssSelector: .pac-item
03:23:29.600 INFO  manager.MyListener - The element with locator --->By.cssSelector: .pac-item--->was found
03:23:30.163 INFO  manager.MyListener - Start find element --->By.id: dates
03:23:30.215 INFO  manager.MyListener - The element with locator --->By.id: dates--->was found
03:23:30.360 INFO  manager.MyListener - Start find element --->By.xpath: //div[text()=' 6 ']
03:23:30.395 INFO  manager.MyListener - The element with locator --->By.xpath: //div[text()=' 6 ']--->was found
03:23:30.445 INFO  manager.MyListener - Start find element --->By.xpath: //div[text()=' 7 ']
03:23:30.472 INFO  manager.MyListener - The element with locator --->By.xpath: //div[text()=' 7 ']--->was found
03:23:35.565 INFO  manager.MyListener - Start find element --->By.cssSelector: [type='submit']
03:23:35.703 INFO  manager.MyListener - The element with locator --->By.cssSelector: [type='submit']--->was found
03:23:36.816 INFO  manager.MyListener - We have a throwable --->element click intercepted: Element <button _ngcontent-dep-c72="" type="submit" disabled="">...</button> is not clickable at point (183, 437). Other element would receive the click: <div class="cdk-overlay-backdrop mat-overlay-transparent-backdrop cdk-overlay-backdrop-showing"></div>
  (Session info: chrome=97.0.4692.71)
Build info: version: '3.141.59', revision: 'e82be7d358', time: '2018-11-14T08:17:03'
System info: host: 'LAPTOP-KM2BH8Q8', ip: '10.0.0.10', os.name: 'Windows 10', os.arch: 'amd64', os.version: '10.0', java.version: '11.0.13'
Driver info: org.openqa.selenium.chrome.ChromeDriver
Capabilities {acceptInsecureCerts: false, browserName: chrome, browserVersion: 97.0.4692.71, chrome: {chromedriverVersion: 96.0.4664.45 (76e4c1bb2ab46..., userDataDir: C:\Users\bunal\AppData\Loca...}, goog:chromeOptions: {debuggerAddress: localhost:53639}, javascriptEnabled: true, networkConnectionEnabled: false, pageLoadStrategy: normal, platform: WINDOWS, platformName: WINDOWS, proxy: Proxy(), setWindowRect: true, strictFileInteractability: false, timeouts: {implicit: 0, pageLoad: 300000, script: 30000}, unhandledPromptBehavior: dismiss and notify, webauthn:extension:credBlob: true, webauthn:extension:largeBlob: true, webauthn:virtualAuthenticators: true}
Session ID: 30ba6e90e6f769dd519bec328c2323d8
03:23:36.818 INFO  manager.MyListener - org.openqa.selenium.ElementClickInterceptedException: element click intercepted: Element <button _ngcontent-dep-c72="" type="submit" disabled="">...</button> is not clickable at point (183, 437). Other element would receive the click: <div class="cdk-overlay-backdrop mat-overlay-transparent-backdrop cdk-overlay-backdrop-showing"></div>
  (Session info: chrome=97.0.4692.71)
Build info: version: '3.141.59', revision: 'e82be7d358', time: '2018-11-14T08:17:03'
System info: host: 'LAPTOP-KM2BH8Q8', ip: '10.0.0.10', os.name: 'Windows 10', os.arch: 'amd64', os.version: '10.0', java.version: '11.0.13'
Driver info: org.openqa.selenium.chrome.ChromeDriver
Capabilities {acceptInsecureCerts: false, browserName: chrome, browserVersion: 97.0.4692.71, chrome: {chromedriverVersion: 96.0.4664.45 (76e4c1bb2ab46..., userDataDir: C:\Users\bunal\AppData\Loca...}, goog:chromeOptions: {debuggerAddress: localhost:53639}, javascriptEnabled: true, networkConnectionEnabled: false, pageLoadStrategy: normal, platform: WINDOWS, platformName: WINDOWS, proxy: Proxy(), setWindowRect: true, strictFileInteractability: false, timeouts: {implicit: 0, pageLoad: 300000, script: 30000}, unhandledPromptBehavior: dismiss and notify, webauthn:extension:credBlob: true, webauthn:extension:largeBlob: true, webauthn:virtualAuthenticators: true}
Session ID: 30ba6e90e6f769dd519bec328c2323d8
03:23:36.830 INFO  manager.MyListener - This is link of your screen -->src/test/screenshots/screen1416.png
03:23:42.929 INFO  manager.MyListener - Start find element --->By.cssSelector: [href='/search']
03:23:42.968 INFO  manager.MyListener - The element with locator --->By.cssSelector: [href='/search']--->was found
03:23:44.105 INFO  manager.MyListener - We have a throwable --->element click intercepted: Element <a _ngcontent-dep-c25="" class="navigation-link" id="0" href="/search">...</a> is not clickable at point (499, 33). Other element would receive the click: <div class="cdk-overlay-backdrop mat-overlay-transparent-backdrop cdk-overlay-backdrop-showing"></div>
  (Session info: chrome=97.0.4692.71)
Build info: version: '3.141.59', revision: 'e82be7d358', time: '2018-11-14T08:17:03'
System info: host: 'LAPTOP-KM2BH8Q8', ip: '10.0.0.10', os.name: 'Windows 10', os.arch: 'amd64', os.version: '10.0', java.version: '11.0.13'
Driver info: org.openqa.selenium.chrome.ChromeDriver
Capabilities {acceptInsecureCerts: false, browserName: chrome, browserVersion: 97.0.4692.71, chrome: {chromedriverVersion: 96.0.4664.45 (76e4c1bb2ab46..., userDataDir: C:\Users\bunal\AppData\Loca...}, goog:chromeOptions: {debuggerAddress: localhost:53639}, javascriptEnabled: true, networkConnectionEnabled: false, pageLoadStrategy: normal, platform: WINDOWS, platformName: WINDOWS, proxy: Proxy(), setWindowRect: true, strictFileInteractability: false, timeouts: {implicit: 0, pageLoad: 300000, script: 30000}, unhandledPromptBehavior: dismiss and notify, webauthn:extension:credBlob: true, webauthn:extension:largeBlob: true, webauthn:virtualAuthenticators: true}
Session ID: 30ba6e90e6f769dd519bec328c2323d8
03:23:44.107 INFO  manager.MyListener - org.openqa.selenium.ElementClickInterceptedException: element click intercepted: Element <a _ngcontent-dep-c25="" class="navigation-link" id="0" href="/search">...</a> is not clickable at point (499, 33). Other element would receive the click: <div class="cdk-overlay-backdrop mat-overlay-transparent-backdrop cdk-overlay-backdrop-showing"></div>
  (Session info: chrome=97.0.4692.71)
Build info: version: '3.141.59', revision: 'e82be7d358', time: '2018-11-14T08:17:03'
System info: host: 'LAPTOP-KM2BH8Q8', ip: '10.0.0.10', os.name: 'Windows 10', os.arch: 'amd64', os.version: '10.0', java.version: '11.0.13'
Driver info: org.openqa.selenium.chrome.ChromeDriver
Capabilities {acceptInsecureCerts: false, browserName: chrome, browserVersion: 97.0.4692.71, chrome: {chromedriverVersion: 96.0.4664.45 (76e4c1bb2ab46..., userDataDir: C:\Users\bunal\AppData\Loca...}, goog:chromeOptions: {debuggerAddress: localhost:53639}, javascriptEnabled: true, networkConnectionEnabled: false, pageLoadStrategy: normal, platform: WINDOWS, platformName: WINDOWS, proxy: Proxy(), setWindowRect: true, strictFileInteractability: false, timeouts: {implicit: 0, pageLoad: 300000, script: 30000}, unhandledPromptBehavior: dismiss and notify, webauthn:extension:credBlob: true, webauthn:extension:largeBlob: true, webauthn:virtualAuthenticators: true}
Session ID: 30ba6e90e6f769dd519bec328c2323d8
03:23:44.109 INFO  manager.MyListener - This is link of your screen -->src/test/screenshots/screen1424.png
