03:19:04.786 INFO  manager.ApplicationManager - All tests start in 'Chrome' browser
03:19:06.480 INFO  tests.TestBase - Name of test --->searchPeriodCurrentMonth
03:19:06.489 INFO  manager.MyListener - Start find element --->By.id: city
03:19:06.526 INFO  manager.MyListener - The element with locator --->By.id: city--->was found
03:19:06.731 INFO  manager.MyListener - Start find element --->By.cssSelector: .pac-item
03:19:07.065 INFO  manager.MyListener - The element with locator --->By.cssSelector: .pac-item--->was found
03:19:07.628 INFO  manager.MyListener - Start find element --->By.id: dates
03:19:07.706 INFO  manager.MyListener - The element with locator --->By.id: dates--->was found
03:19:07.895 INFO  manager.MyListener - Start find element --->By.xpath: //div[text()=' 6 ']
03:19:07.924 INFO  manager.MyListener - The element with locator --->By.xpath: //div[text()=' 6 ']--->was found
03:19:07.987 INFO  manager.MyListener - Start find element --->By.xpath: //div[text()=' 7 ']
03:19:08.019 INFO  manager.MyListener - The element with locator --->By.xpath: //div[text()=' 7 ']--->was found
03:19:13.078 INFO  manager.MyListener - Start find element --->By.cssSelector: [type='submit']
03:19:13.115 INFO  manager.MyListener - The element with locator --->By.cssSelector: [type='submit']--->was found
03:19:14.200 INFO  manager.MyListener - We have a throwable --->element click intercepted: Element <button _ngcontent-oyr-c72="" type="submit" disabled="">...</button> is not clickable at point (183, 437). Other element would receive the click: <div class="cdk-overlay-backdrop mat-overlay-transparent-backdrop cdk-overlay-backdrop-showing"></div>
  (Session info: chrome=97.0.4692.71)
Build info: version: '3.141.59', revision: 'e82be7d358', time: '2018-11-14T08:17:03'
System info: host: 'LAPTOP-KM2BH8Q8', ip: '10.0.0.10', os.name: 'Windows 10', os.arch: 'amd64', os.version: '10.0', java.version: '11.0.13'
Driver info: org.openqa.selenium.chrome.ChromeDriver
Capabilities {acceptInsecureCerts: false, browserName: chrome, browserVersion: 97.0.4692.71, chrome: {chromedriverVersion: 96.0.4664.45 (76e4c1bb2ab46..., userDataDir: C:\Users\bunal\AppData\Loca...}, goog:chromeOptions: {debuggerAddress: localhost:60108}, javascriptEnabled: true, networkConnectionEnabled: false, pageLoadStrategy: normal, platform: WINDOWS, platformName: WINDOWS, proxy: Proxy(), setWindowRect: true, strictFileInteractability: false, timeouts: {implicit: 0, pageLoad: 300000, script: 30000}, unhandledPromptBehavior: dismiss and notify, webauthn:extension:credBlob: true, webauthn:extension:largeBlob: true, webauthn:virtualAuthenticators: true}
Session ID: 8deba25457ee9c5a6f4193d48f0220e2
03:19:14.203 INFO  manager.MyListener - org.openqa.selenium.ElementClickInterceptedException: element click intercepted: Element <button _ngcontent-oyr-c72="" type="submit" disabled="">...</button> is not clickable at point (183, 437). Other element would receive the click: <div class="cdk-overlay-backdrop mat-overlay-transparent-backdrop cdk-overlay-backdrop-showing"></div>
  (Session info: chrome=97.0.4692.71)
Build info: version: '3.141.59', revision: 'e82be7d358', time: '2018-11-14T08:17:03'
System info: host: 'LAPTOP-KM2BH8Q8', ip: '10.0.0.10', os.name: 'Windows 10', os.arch: 'amd64', os.version: '10.0', java.version: '11.0.13'
Driver info: org.openqa.selenium.chrome.ChromeDriver
Capabilities {acceptInsecureCerts: false, browserName: chrome, browserVersion: 97.0.4692.71, chrome: {chromedriverVersion: 96.0.4664.45 (76e4c1bb2ab46..., userDataDir: C:\Users\bunal\AppData\Loca...}, goog:chromeOptions: {debuggerAddress: localhost:60108}, javascriptEnabled: true, networkConnectionEnabled: false, pageLoadStrategy: normal, platform: WINDOWS, platformName: WINDOWS, proxy: Proxy(), setWindowRect: true, strictFileInteractability: false, timeouts: {implicit: 0, pageLoad: 300000, script: 30000}, unhandledPromptBehavior: dismiss and notify, webauthn:extension:credBlob: true, webauthn:extension:largeBlob: true, webauthn:virtualAuthenticators: true}
Session ID: 8deba25457ee9c5a6f4193d48f0220e2
03:19:14.213 INFO  manager.MyListener - This is link of your screen -->src/test/screenshots/screen1154.png
03:19:20.400 INFO  manager.MyListener - Start find element --->By.cssSelector: [href='/search']
03:19:32.623 INFO  manager.MyListener - We have a throwable --->chrome not reachable
  (Session info: chrome=97.0.4692.71)
Build info: version: '3.141.59', revision: 'e82be7d358', time: '2018-11-14T08:17:03'
System info: host: 'LAPTOP-KM2BH8Q8', ip: '10.0.0.10', os.name: 'Windows 10', os.arch: 'amd64', os.version: '10.0', java.version: '11.0.13'
Driver info: org.openqa.selenium.chrome.ChromeDriver
Capabilities {acceptInsecureCerts: false, browserName: chrome, browserVersion: 97.0.4692.71, chrome: {chromedriverVersion: 96.0.4664.45 (76e4c1bb2ab46..., userDataDir: C:\Users\bunal\AppData\Loca...}, goog:chromeOptions: {debuggerAddress: localhost:60108}, javascriptEnabled: true, networkConnectionEnabled: false, pageLoadStrategy: normal, platform: WINDOWS, platformName: WINDOWS, proxy: Proxy(), setWindowRect: true, strictFileInteractability: false, timeouts: {implicit: 0, pageLoad: 300000, script: 30000}, unhandledPromptBehavior: dismiss and notify, webauthn:extension:credBlob: true, webauthn:extension:largeBlob: true, webauthn:virtualAuthenticators: true}
Session ID: 8deba25457ee9c5a6f4193d48f0220e2
*** Element info: {Using=css selector, value=[href='/search']}
03:19:32.624 INFO  manager.MyListener - org.openqa.selenium.WebDriverException: chrome not reachable
  (Session info: chrome=97.0.4692.71)
Build info: version: '3.141.59', revision: 'e82be7d358', time: '2018-11-14T08:17:03'
System info: host: 'LAPTOP-KM2BH8Q8', ip: '10.0.0.10', os.name: 'Windows 10', os.arch: 'amd64', os.version: '10.0', java.version: '11.0.13'
Driver info: org.openqa.selenium.chrome.ChromeDriver
Capabilities {acceptInsecureCerts: false, browserName: chrome, browserVersion: 97.0.4692.71, chrome: {chromedriverVersion: 96.0.4664.45 (76e4c1bb2ab46..., userDataDir: C:\Users\bunal\AppData\Loca...}, goog:chromeOptions: {debuggerAddress: localhost:60108}, javascriptEnabled: true, networkConnectionEnabled: false, pageLoadStrategy: normal, platform: WINDOWS, platformName: WINDOWS, proxy: Proxy(), setWindowRect: true, strictFileInteractability: false, timeouts: {implicit: 0, pageLoad: 300000, script: 30000}, unhandledPromptBehavior: dismiss and notify, webauthn:extension:credBlob: true, webauthn:extension:largeBlob: true, webauthn:virtualAuthenticators: true}
Session ID: 8deba25457ee9c5a6f4193d48f0220e2
*** Element info: {Using=css selector, value=[href='/search']}
03:19:32.625 INFO  manager.MyListener - This is link of your screen -->src/test/screenshots/screen1172.png
