02:40:09.230 INFO  manager.ApplicationManager - All tests start in 'Chrome' browser
02:40:11.352 INFO  tests.TestBase - Name of test --->addNewCarSuccess
02:40:16.362 INFO  manager.MyListener - Start find element --->By.xpath: //*[text()=' Logout ']
02:40:21.457 INFO  manager.MyListener - The element with locator --->By.xpath: //*[text()=' Logout ']--->was found
02:40:21.461 INFO  manager.MyListener - Start find element --->By.xpath: //a[text()=' Log in ']
02:40:21.497 INFO  manager.MyListener - The element with locator --->By.xpath: //a[text()=' Log in ']--->was found
02:40:21.659 INFO  manager.MyListener - Start find element --->By.id: email
02:40:21.696 INFO  manager.MyListener - The element with locator --->By.id: email--->was found
02:40:21.967 INFO  manager.MyListener - Start find element --->By.id: password
02:40:22.006 INFO  manager.MyListener - The element with locator --->By.id: password--->was found
02:40:22.223 INFO  manager.MyListener - Start find element --->By.cssSelector: [type='submit']
02:40:22.254 INFO  manager.MyListener - The element with locator --->By.cssSelector: [type='submit']--->was found
02:40:27.394 INFO  manager.MyListener - Start find element --->By.xpath: //div[@class='dialog-container']
02:40:32.505 INFO  manager.MyListener - We have a throwable --->no such element: Unable to locate element: {"method":"xpath","selector":"//div[@class='dialog-container']"}
  (Session info: chrome=97.0.4692.71)
For documentation on this error, please visit: https://www.seleniumhq.org/exceptions/no_such_element.html
Build info: version: '3.141.59', revision: 'e82be7d358', time: '2018-11-14T08:17:03'
System info: host: 'LAPTOP-KM2BH8Q8', ip: '10.0.0.10', os.name: 'Windows 10', os.arch: 'amd64', os.version: '10.0', java.version: '11.0.13'
Driver info: org.openqa.selenium.chrome.ChromeDriver
Capabilities {acceptInsecureCerts: false, browserName: chrome, browserVersion: 97.0.4692.71, chrome: {chromedriverVersion: 96.0.4664.45 (76e4c1bb2ab46..., userDataDir: C:\Users\bunal\AppData\Loca...}, goog:chromeOptions: {debuggerAddress: localhost:60890}, javascriptEnabled: true, networkConnectionEnabled: false, pageLoadStrategy: normal, platform: WINDOWS, platformName: WINDOWS, proxy: Proxy(), setWindowRect: true, strictFileInteractability: false, timeouts: {implicit: 0, pageLoad: 300000, script: 30000}, unhandledPromptBehavior: dismiss and notify, webauthn:extension:credBlob: true, webauthn:extension:largeBlob: true, webauthn:virtualAuthenticators: true}
Session ID: b221bf8d6a6aa7997b7747d75b13f7b1
*** Element info: {Using=xpath, value=//div[@class='dialog-container']}
02:40:32.507 INFO  manager.MyListener - org.openqa.selenium.NoSuchElementException: no such element: Unable to locate element: {"method":"xpath","selector":"//div[@class='dialog-container']"}
  (Session info: chrome=97.0.4692.71)
For documentation on this error, please visit: https://www.seleniumhq.org/exceptions/no_such_element.html
Build info: version: '3.141.59', revision: 'e82be7d358', time: '2018-11-14T08:17:03'
System info: host: 'LAPTOP-KM2BH8Q8', ip: '10.0.0.10', os.name: 'Windows 10', os.arch: 'amd64', os.version: '10.0', java.version: '11.0.13'
Driver info: org.openqa.selenium.chrome.ChromeDriver
Capabilities {acceptInsecureCerts: false, browserName: chrome, browserVersion: 97.0.4692.71, chrome: {chromedriverVersion: 96.0.4664.45 (76e4c1bb2ab46..., userDataDir: C:\Users\bunal\AppData\Loca...}, goog:chromeOptions: {debuggerAddress: localhost:60890}, javascriptEnabled: true, networkConnectionEnabled: false, pageLoadStrategy: normal, platform: WINDOWS, platformName: WINDOWS, proxy: Proxy(), setWindowRect: true, strictFileInteractability: false, timeouts: {implicit: 0, pageLoad: 300000, script: 30000}, unhandledPromptBehavior: dismiss and notify, webauthn:extension:credBlob: true, webauthn:extension:largeBlob: true, webauthn:virtualAuthenticators: true}
Session ID: b221bf8d6a6aa7997b7747d75b13f7b1
*** Element info: {Using=xpath, value=//div[@class='dialog-container']}
02:40:32.520 INFO  manager.MyListener - This is link of your screen -->src/test/screenshots/screen2432.png
02:40:34.066 INFO  manager.MyListener - Start find element --->By.xpath: //div[@class='dialog-container']
02:40:39.147 INFO  manager.MyListener - We have a throwable --->no such element: Unable to locate element: {"method":"xpath","selector":"//div[@class='dialog-container']"}
  (Session info: chrome=97.0.4692.71)
For documentation on this error, please visit: https://www.seleniumhq.org/exceptions/no_such_element.html
Build info: version: '3.141.59', revision: 'e82be7d358', time: '2018-11-14T08:17:03'
System info: host: 'LAPTOP-KM2BH8Q8', ip: '10.0.0.10', os.name: 'Windows 10', os.arch: 'amd64', os.version: '10.0', java.version: '11.0.13'
Driver info: org.openqa.selenium.chrome.ChromeDriver
Capabilities {acceptInsecureCerts: false, browserName: chrome, browserVersion: 97.0.4692.71, chrome: {chromedriverVersion: 96.0.4664.45 (76e4c1bb2ab46..., userDataDir: C:\Users\bunal\AppData\Loca...}, goog:chromeOptions: {debuggerAddress: localhost:60890}, javascriptEnabled: true, networkConnectionEnabled: false, pageLoadStrategy: normal, platform: WINDOWS, platformName: WINDOWS, proxy: Proxy(), setWindowRect: true, strictFileInteractability: false, timeouts: {implicit: 0, pageLoad: 300000, script: 30000}, unhandledPromptBehavior: dismiss and notify, webauthn:extension:credBlob: true, webauthn:extension:largeBlob: true, webauthn:virtualAuthenticators: true}
Session ID: b221bf8d6a6aa7997b7747d75b13f7b1
*** Element info: {Using=xpath, value=//div[@class='dialog-container']}
02:40:39.150 INFO  manager.MyListener - org.openqa.selenium.NoSuchElementException: no such element: Unable to locate element: {"method":"xpath","selector":"//div[@class='dialog-container']"}
  (Session info: chrome=97.0.4692.71)
For documentation on this error, please visit: https://www.seleniumhq.org/exceptions/no_such_element.html
Build info: version: '3.141.59', revision: 'e82be7d358', time: '2018-11-14T08:17:03'
System info: host: 'LAPTOP-KM2BH8Q8', ip: '10.0.0.10', os.name: 'Windows 10', os.arch: 'amd64', os.version: '10.0', java.version: '11.0.13'
Driver info: org.openqa.selenium.chrome.ChromeDriver
Capabilities {acceptInsecureCerts: false, browserName: chrome, browserVersion: 97.0.4692.71, chrome: {chromedriverVersion: 96.0.4664.45 (76e4c1bb2ab46..., userDataDir: C:\Users\bunal\AppData\Loca...}, goog:chromeOptions: {debuggerAddress: localhost:60890}, javascriptEnabled: true, networkConnectionEnabled: false, pageLoadStrategy: normal, platform: WINDOWS, platformName: WINDOWS, proxy: Proxy(), setWindowRect: true, strictFileInteractability: false, timeouts: {implicit: 0, pageLoad: 300000, script: 30000}, unhandledPromptBehavior: dismiss and notify, webauthn:extension:credBlob: true, webauthn:extension:largeBlob: true, webauthn:virtualAuthenticators: true}
Session ID: b221bf8d6a6aa7997b7747d75b13f7b1
*** Element info: {Using=xpath, value=//div[@class='dialog-container']}
02:40:39.152 INFO  manager.MyListener - This is link of your screen -->src/test/screenshots/screen2439.png
