02:49:24.844 INFO  manager.ApplicationManager - All tests start in 'Chrome' browser
02:49:26.373 INFO  tests.TestBase - Name of test --->addNewCarSuccess2
02:49:31.380 INFO  manager.MyListener - Start find element --->By.xpath: //*[text()=' Logout ']
02:49:36.459 INFO  manager.MyListener - The element with locator --->By.xpath: //*[text()=' Logout ']--->was found
02:49:36.463 INFO  manager.MyListener - Start find element --->By.xpath: //a[text()=' Log in ']
02:49:36.501 INFO  manager.MyListener - The element with locator --->By.xpath: //a[text()=' Log in ']--->was found
02:49:36.631 INFO  manager.MyListener - Start find element --->By.id: email
02:49:36.714 INFO  manager.MyListener - The element with locator --->By.id: email--->was found
02:49:37.005 INFO  manager.MyListener - Start find element --->By.id: password
02:49:37.040 INFO  manager.MyListener - The element with locator --->By.id: password--->was found
02:49:37.255 INFO  manager.MyListener - Start find element --->By.cssSelector: [type='submit']
02:49:37.289 INFO  manager.MyListener - The element with locator --->By.cssSelector: [type='submit']--->was found
02:49:42.393 INFO  manager.MyListener - Start find element --->By.xpath: //div[@class='dialog-container']
02:49:42.428 INFO  manager.MyListener - The element with locator --->By.xpath: //div[@class='dialog-container']--->was found
02:49:42.429 INFO  manager.MyListener - Start find element --->By.xpath: //*[text()='Ok']
02:49:42.455 INFO  manager.MyListener - The element with locator --->By.xpath: //*[text()='Ok']--->was found
02:49:42.575 INFO  tests.TestBase - Car was added for userUser{name='null', lastName='null', email='tvistermister220@gmail.com', password='Jj12345$'}
02:49:42.708 INFO  tests.TestBase - Car was addedCar(address=Tel Aviv, Israel, make=BMW, model=M5, year=2020, engine=2.5, fuel=Petrol, gear=MT, wD=AWD, doors=5, seats=4, clasS=C, fuelConsumption=6.5, carRegNumber=102-33-2982, price=65, distanceIncluded=500, features=type of, about=Very good car)
02:49:47.722 INFO  manager.MyListener - Start find element --->By.cssSelector: [href='/let-car-work']
02:49:47.754 INFO  manager.MyListener - The element with locator --->By.cssSelector: [href='/let-car-work']--->was found
02:49:47.917 INFO  manager.MyListener - Start find element --->By.id: pickUpPlace
02:49:47.944 INFO  manager.MyListener - The element with locator --->By.id: pickUpPlace--->was found
02:49:48.212 INFO  manager.MyListener - Start find element --->By.id: pickUpPlace
02:49:48.231 INFO  manager.MyListener - The element with locator --->By.id: pickUpPlace--->was found
02:49:48.695 INFO  manager.MyListener - Start find element --->By.id: make
02:49:48.722 INFO  manager.MyListener - The element with locator --->By.id: make--->was found
02:49:48.956 INFO  manager.MyListener - Start find element --->By.id: model
02:49:48.989 INFO  manager.MyListener - The element with locator --->By.id: model--->was found
02:49:49.233 INFO  manager.MyListener - Start find element --->By.id: year
02:49:49.273 INFO  manager.MyListener - The element with locator --->By.id: year--->was found
02:49:49.542 INFO  manager.MyListener - Start find element --->By.id: engine
02:49:49.578 INFO  manager.MyListener - The element with locator --->By.id: engine--->was found
02:49:49.832 INFO  manager.MyListener - Start find element --->By.id: fuel
02:49:49.872 INFO  manager.MyListener - The element with locator --->By.id: fuel--->was found
02:49:49.930 INFO  manager.MyListener - Start find element --->By.xpath: .//option[@value = "Petrol"]
02:49:49.966 INFO  manager.MyListener - The element with locator --->By.xpath: .//option[@value = "Petrol"]--->was found
02:49:50.029 INFO  manager.MyListener - Start find element --->By.id: gear
02:49:50.050 INFO  manager.MyListener - The element with locator --->By.id: gear--->was found
02:49:50.095 INFO  manager.MyListener - Start find element --->By.xpath: .//option[@value = "MT"]
02:49:50.135 INFO  manager.MyListener - The element with locator --->By.xpath: .//option[@value = "MT"]--->was found
02:49:50.206 INFO  manager.MyListener - Start find element --->By.id: wheelsDrive
02:49:50.244 INFO  manager.MyListener - The element with locator --->By.id: wheelsDrive--->was found
02:49:50.281 INFO  manager.MyListener - Start find element --->By.xpath: .//option[@value = "AWD"]
02:49:50.319 INFO  manager.MyListener - The element with locator --->By.xpath: .//option[@value = "AWD"]--->was found
02:49:50.388 INFO  manager.MyListener - Start find element --->By.id: doors
02:49:50.408 INFO  manager.MyListener - The element with locator --->By.id: doors--->was found
02:49:50.661 INFO  manager.MyListener - Start find element --->By.id: seats
02:49:50.695 INFO  manager.MyListener - The element with locator --->By.id: seats--->was found
02:49:50.952 INFO  manager.MyListener - Start find element --->By.id: class
02:49:50.992 INFO  manager.MyListener - The element with locator --->By.id: class--->was found
02:49:51.207 INFO  manager.MyListener - Start find element --->By.id: fuelConsumption
02:49:51.241 INFO  manager.MyListener - The element with locator --->By.id: fuelConsumption--->was found
02:49:51.489 INFO  manager.MyListener - Start find element --->By.id: serialNumber
02:49:51.518 INFO  manager.MyListener - The element with locator --->By.id: serialNumber--->was found
02:49:51.758 INFO  manager.MyListener - Start find element --->By.id: price
02:49:51.797 INFO  manager.MyListener - The element with locator --->By.id: price--->was found
02:49:52.044 INFO  manager.MyListener - Start find element --->By.id: distance
02:49:52.077 INFO  manager.MyListener - The element with locator --->By.id: distance--->was found
02:49:52.307 INFO  manager.MyListener - Start find element --->By.cssSelector: .feature-input
02:49:52.337 INFO  manager.MyListener - The element with locator --->By.cssSelector: .feature-input--->was found
02:49:52.546 INFO  manager.MyListener - Start find element --->By.id: about
02:49:52.587 INFO  manager.MyListener - The element with locator --->By.id: about--->was found
02:49:52.810 INFO  manager.MyListener - Start find element --->By.id: photos
02:49:52.850 INFO  manager.MyListener - The element with locator --->By.id: photos--->was found
02:49:52.947 INFO  manager.MyListener - Start find element --->By.xpath: //button[text()='Submit']
02:49:52.972 INFO  manager.MyListener - The element with locator --->By.xpath: //button[text()='Submit']--->was found
02:49:54.745 INFO  manager.MyListener - Start find element --->By.xpath: //button[text()='Submit']
02:49:54.771 INFO  manager.MyListener - The element with locator --->By.xpath: //button[text()='Submit']--->was found
02:49:54.862 INFO  manager.MyListener - Start find element --->By.cssSelector: div.dialog-container
02:49:56.007 INFO  manager.MyListener - The element with locator --->By.cssSelector: div.dialog-container--->was found
02:49:56.058 INFO  manager.MyListener - Start find element --->By.cssSelector: div.dialog-container h1
02:49:56.088 INFO  manager.MyListener - The element with locator --->By.cssSelector: div.dialog-container h1--->was found
02:49:56.130 INFO  manager.MyListener - Start find element --->By.xpath: //button[text()='Search cars']
02:49:56.166 INFO  manager.MyListener - The element with locator --->By.xpath: //button[text()='Search cars']--->was found
02:49:56.239 INFO  manager.MyListener - Start find element --->By.xpath: //*[text()=' Logout ']
02:49:56.277 INFO  manager.MyListener - The element with locator --->By.xpath: //*[text()=' Logout ']--->was found
