03:17:02.459 INFO  manager.ApplicationManager - All tests start in 'Chrome' browser
03:17:03.937 INFO  tests.TestBase - Name of test --->searchPeriodCurrentMonth
03:17:03.944 INFO  manager.MyListener - Start find element --->By.id: city
03:17:04.009 INFO  manager.MyListener - The element with locator --->By.id: city--->was found
03:17:04.228 INFO  manager.MyListener - Start find element --->By.cssSelector: .pac-item
03:17:04.575 INFO  manager.MyListener - The element with locator --->By.cssSelector: .pac-item--->was found
03:17:05.166 INFO  manager.MyListener - Start find element --->By.id: dates
03:17:05.201 INFO  manager.MyListener - The element with locator --->By.id: dates--->was found
03:17:05.357 INFO  manager.MyListener - Start find element --->By.xpath: //div[text()=' 6 ']
03:17:05.385 INFO  manager.MyListener - The element with locator --->By.xpath: //div[text()=' 6 ']--->was found
03:17:05.445 INFO  manager.MyListener - Start find element --->By.xpath: //div[text()=' 7 ']
03:17:05.479 INFO  manager.MyListener - The element with locator --->By.xpath: //div[text()=' 7 ']--->was found
03:17:10.546 INFO  manager.MyListener - Start find element --->By.cssSelector: [type='submit']
03:17:10.584 INFO  manager.MyListener - The element with locator --->By.cssSelector: [type='submit']--->was found
03:17:11.685 INFO  manager.MyListener - We have a throwable --->element click intercepted: Element <button _ngcontent-sap-c72="" type="submit" disabled="">...</button> is not clickable at point (183, 437). Other element would receive the click: <div class="cdk-overlay-backdrop mat-overlay-transparent-backdrop cdk-overlay-backdrop-showing"></div>
  (Session info: chrome=97.0.4692.71)
Build info: version: '3.141.59', revision: 'e82be7d358', time: '2018-11-14T08:17:03'
System info: host: 'LAPTOP-KM2BH8Q8', ip: '10.0.0.10', os.name: 'Windows 10', os.arch: 'amd64', os.version: '10.0', java.version: '11.0.13'
Driver info: org.openqa.selenium.chrome.ChromeDriver
Capabilities {acceptInsecureCerts: false, browserName: chrome, browserVersion: 97.0.4692.71, chrome: {chromedriverVersion: 96.0.4664.45 (76e4c1bb2ab46..., userDataDir: C:\Users\bunal\AppData\Loca...}, goog:chromeOptions: {debuggerAddress: localhost:59461}, javascriptEnabled: true, networkConnectionEnabled: false, pageLoadStrategy: normal, platform: WINDOWS, platformName: WINDOWS, proxy: Proxy(), setWindowRect: true, strictFileInteractability: false, timeouts: {implicit: 0, pageLoad: 300000, script: 30000}, unhandledPromptBehavior: dismiss and notify, webauthn:extension:credBlob: true, webauthn:extension:largeBlob: true, webauthn:virtualAuthenticators: true}
Session ID: ea2957c01e931056da1eb26a7947faa6
03:17:11.687 INFO  manager.MyListener - org.openqa.selenium.ElementClickInterceptedException: element click intercepted: Element <button _ngcontent-sap-c72="" type="submit" disabled="">...</button> is not clickable at point (183, 437). Other element would receive the click: <div class="cdk-overlay-backdrop mat-overlay-transparent-backdrop cdk-overlay-backdrop-showing"></div>
  (Session info: chrome=97.0.4692.71)
Build info: version: '3.141.59', revision: 'e82be7d358', time: '2018-11-14T08:17:03'
System info: host: 'LAPTOP-KM2BH8Q8', ip: '10.0.0.10', os.name: 'Windows 10', os.arch: 'amd64', os.version: '10.0', java.version: '11.0.13'
Driver info: org.openqa.selenium.chrome.ChromeDriver
Capabilities {acceptInsecureCerts: false, browserName: chrome, browserVersion: 97.0.4692.71, chrome: {chromedriverVersion: 96.0.4664.45 (76e4c1bb2ab46..., userDataDir: C:\Users\bunal\AppData\Loca...}, goog:chromeOptions: {debuggerAddress: localhost:59461}, javascriptEnabled: true, networkConnectionEnabled: false, pageLoadStrategy: normal, platform: WINDOWS, platformName: WINDOWS, proxy: Proxy(), setWindowRect: true, strictFileInteractability: false, timeouts: {implicit: 0, pageLoad: 300000, script: 30000}, unhandledPromptBehavior: dismiss and notify, webauthn:extension:credBlob: true, webauthn:extension:largeBlob: true, webauthn:virtualAuthenticators: true}
Session ID: ea2957c01e931056da1eb26a7947faa6
03:17:11.698 INFO  manager.MyListener - This is link of your screen -->src/test/screenshots/screen1031.png
03:17:17.744 INFO  manager.MyListener - Start find element --->By.cssSelector: [href='/search']
03:17:17.781 INFO  manager.MyListener - The element with locator --->By.cssSelector: [href='/search']--->was found
03:17:18.858 INFO  manager.MyListener - We have a throwable --->element click intercepted: Element <a _ngcontent-sap-c25="" class="navigation-link" id="0" href="/search">...</a> is not clickable at point (499, 33). Other element would receive the click: <div class="cdk-overlay-backdrop mat-overlay-transparent-backdrop cdk-overlay-backdrop-showing"></div>
  (Session info: chrome=97.0.4692.71)
Build info: version: '3.141.59', revision: 'e82be7d358', time: '2018-11-14T08:17:03'
System info: host: 'LAPTOP-KM2BH8Q8', ip: '10.0.0.10', os.name: 'Windows 10', os.arch: 'amd64', os.version: '10.0', java.version: '11.0.13'
Driver info: org.openqa.selenium.chrome.ChromeDriver
Capabilities {acceptInsecureCerts: false, browserName: chrome, browserVersion: 97.0.4692.71, chrome: {chromedriverVersion: 96.0.4664.45 (76e4c1bb2ab46..., userDataDir: C:\Users\bunal\AppData\Loca...}, goog:chromeOptions: {debuggerAddress: localhost:59461}, javascriptEnabled: true, networkConnectionEnabled: false, pageLoadStrategy: normal, platform: WINDOWS, platformName: WINDOWS, proxy: Proxy(), setWindowRect: true, strictFileInteractability: false, timeouts: {implicit: 0, pageLoad: 300000, script: 30000}, unhandledPromptBehavior: dismiss and notify, webauthn:extension:credBlob: true, webauthn:extension:largeBlob: true, webauthn:virtualAuthenticators: true}
Session ID: ea2957c01e931056da1eb26a7947faa6
03:17:18.860 INFO  manager.MyListener - org.openqa.selenium.ElementClickInterceptedException: element click intercepted: Element <a _ngcontent-sap-c25="" class="navigation-link" id="0" href="/search">...</a> is not clickable at point (499, 33). Other element would receive the click: <div class="cdk-overlay-backdrop mat-overlay-transparent-backdrop cdk-overlay-backdrop-showing"></div>
  (Session info: chrome=97.0.4692.71)
Build info: version: '3.141.59', revision: 'e82be7d358', time: '2018-11-14T08:17:03'
System info: host: 'LAPTOP-KM2BH8Q8', ip: '10.0.0.10', os.name: 'Windows 10', os.arch: 'amd64', os.version: '10.0', java.version: '11.0.13'
Driver info: org.openqa.selenium.chrome.ChromeDriver
Capabilities {acceptInsecureCerts: false, browserName: chrome, browserVersion: 97.0.4692.71, chrome: {chromedriverVersion: 96.0.4664.45 (76e4c1bb2ab46..., userDataDir: C:\Users\bunal\AppData\Loca...}, goog:chromeOptions: {debuggerAddress: localhost:59461}, javascriptEnabled: true, networkConnectionEnabled: false, pageLoadStrategy: normal, platform: WINDOWS, platformName: WINDOWS, proxy: Proxy(), setWindowRect: true, strictFileInteractability: false, timeouts: {implicit: 0, pageLoad: 300000, script: 30000}, unhandledPromptBehavior: dismiss and notify, webauthn:extension:credBlob: true, webauthn:extension:largeBlob: true, webauthn:virtualAuthenticators: true}
Session ID: ea2957c01e931056da1eb26a7947faa6
03:17:18.862 INFO  manager.MyListener - This is link of your screen -->src/test/screenshots/screen1038.png
