22:58:38.694 INFO  manager.ApplicationManager - All tests start in 'Chrome' browser
22:58:40.157 INFO  tests.TestBase - Name of test --->typePeriodInPast
22:58:40.163 INFO  manager.MyListener - Start find element --->By.id: city
22:58:40.205 INFO  manager.MyListener - The element with locator --->By.id: city--->was found
22:58:40.453 INFO  manager.MyListener - Start find element --->By.cssSelector: .pac-item
22:58:40.757 INFO  manager.MyListener - The element with locator --->By.cssSelector: .pac-item--->was found
22:58:41.327 INFO  manager.MyListener - Start find element --->By.id: dates
22:58:41.381 INFO  manager.MyListener - The element with locator --->By.id: dates--->was found
22:58:41.679 INFO  manager.MyListener - Start find element --->By.cssSelector: .error .ng-star-inserted
22:58:41.713 INFO  manager.MyListener - The element with locator --->By.cssSelector: .error .ng-star-inserted--->was found
22:58:46.789 INFO  manager.MyListener - Start find element --->By.cssSelector: [href='/search']
22:58:46.820 INFO  manager.MyListener - The element with locator --->By.cssSelector: [href='/search']--->was found
22:58:47.972 INFO  manager.MyListener - We have a throwable --->element click intercepted: Element <a _ngcontent-qsj-c25="" class="navigation-link" id="0" href="/search">...</a> is not clickable at point (499, 33). Other element would receive the click: <div class="cdk-overlay-backdrop mat-overlay-transparent-backdrop cdk-overlay-backdrop-showing"></div>
  (Session info: chrome=97.0.4692.71)
Build info: version: '3.141.59', revision: 'e82be7d358', time: '2018-11-14T08:17:03'
System info: host: 'LAPTOP-KM2BH8Q8', ip: '10.0.0.10', os.name: 'Windows 10', os.arch: 'amd64', os.version: '10.0', java.version: '11.0.13'
Driver info: org.openqa.selenium.chrome.ChromeDriver
Capabilities {acceptInsecureCerts: false, browserName: chrome, browserVersion: 97.0.4692.71, chrome: {chromedriverVersion: 96.0.4664.45 (76e4c1bb2ab46..., userDataDir: C:\Users\bunal\AppData\Loca...}, goog:chromeOptions: {debuggerAddress: localhost:50893}, javascriptEnabled: true, networkConnectionEnabled: false, pageLoadStrategy: normal, platform: WINDOWS, platformName: WINDOWS, proxy: Proxy(), setWindowRect: true, strictFileInteractability: false, timeouts: {implicit: 0, pageLoad: 300000, script: 30000}, unhandledPromptBehavior: dismiss and notify, webauthn:extension:credBlob: true, webauthn:extension:largeBlob: true, webauthn:virtualAuthenticators: true}
Session ID: d96cad4f8abbee010c19e30f37c06508
22:58:47.974 INFO  manager.MyListener - org.openqa.selenium.ElementClickInterceptedException: element click intercepted: Element <a _ngcontent-qsj-c25="" class="navigation-link" id="0" href="/search">...</a> is not clickable at point (499, 33). Other element would receive the click: <div class="cdk-overlay-backdrop mat-overlay-transparent-backdrop cdk-overlay-backdrop-showing"></div>
  (Session info: chrome=97.0.4692.71)
Build info: version: '3.141.59', revision: 'e82be7d358', time: '2018-11-14T08:17:03'
System info: host: 'LAPTOP-KM2BH8Q8', ip: '10.0.0.10', os.name: 'Windows 10', os.arch: 'amd64', os.version: '10.0', java.version: '11.0.13'
Driver info: org.openqa.selenium.chrome.ChromeDriver
Capabilities {acceptInsecureCerts: false, browserName: chrome, browserVersion: 97.0.4692.71, chrome: {chromedriverVersion: 96.0.4664.45 (76e4c1bb2ab46..., userDataDir: C:\Users\bunal\AppData\Loca...}, goog:chromeOptions: {debuggerAddress: localhost:50893}, javascriptEnabled: true, networkConnectionEnabled: false, pageLoadStrategy: normal, platform: WINDOWS, platformName: WINDOWS, proxy: Proxy(), setWindowRect: true, strictFileInteractability: false, timeouts: {implicit: 0, pageLoad: 300000, script: 30000}, unhandledPromptBehavior: dismiss and notify, webauthn:extension:credBlob: true, webauthn:extension:largeBlob: true, webauthn:virtualAuthenticators: true}
Session ID: d96cad4f8abbee010c19e30f37c06508
22:58:47.987 INFO  manager.MyListener - This is link of your screen -->src/test/screenshots/screen3527.png
